
                         MODELLER 9.15, 2015/05/19, r10497

     PROTEIN STRUCTURE MODELLING BY SATISFACTION OF SPATIAL RESTRAINTS


                     Copyright(c) 1989-2015 Andrej Sali
                            All Rights Reserved

                             Written by A. Sali
                               with help from
              B. Webb, M.S. Madhusudhan, M-Y. Shen, G.Q. Dong,
          M.A. Marti-Renom, N. Eswar, F. Alber, M. Topf, B. Oliva,
             A. Fiser, R. Sanchez, B. Yerkovich, A. Badretdinov,
                     F. Melo, J.P. Overington, E. Feyfant
                 University of California, San Francisco, USA
                    Rockefeller University, New York, USA
                      Harvard University, Cambridge, USA
                   Imperial Cancer Research Fund, London, UK
              Birkbeck College, University of London, London, UK


Kind, OS, HostName, Kernel, Processor: 4, Windows Vista build 9200, L12-AJASJA, SMP, x86 Family 6 Model 60 Stepping 3

Date and time of compilation         : 2015/05/19 10:07:30
MODELLER executable type             : i386-w32
Job starting time (YY/MM/DD HH:MM:SS): 2016/08/10 12:31:36

################################
Blocks_file after chdir d:\data\modeller\poly_modeller\building_blocks
openf___224_> Open           ${LIB}/top_heav.lib
read_to_681_> topology.submodel read from topology file:        3
openf___224_> Open           ${LIB}/par.lib

Dynamically allocated memory at  amaxparameters [B,KiB,MiB]:       393418     384.197     0.375

Dynamically allocated memory at  amaxparameters [B,KiB,MiB]:       395018     385.760     0.377

Dynamically allocated memory at  amaxparameters [B,KiB,MiB]:       398998     389.646     0.381

Dynamically allocated memory at  amaxparameters [B,KiB,MiB]:       400998     391.600     0.382

Dynamically allocated memory at  amaxparameters [B,KiB,MiB]:       403998     394.529     0.385

Dynamically allocated memory at  amaxparameters [B,KiB,MiB]:       408498     398.924     0.390

Dynamically allocated memory at  amaxparameters [B,KiB,MiB]:       414070     404.365     0.395

Dynamically allocated memory at  amaxparameters [B,KiB,MiB]:       416870     407.100     0.398

Dynamically allocated memory at  amaxparameters [B,KiB,MiB]:       421070     411.201     0.402

Dynamically allocated memory at  amaxparameters [B,KiB,MiB]:       427370     417.354     0.408

Dynamically allocated memory at  amaxparameters [B,KiB,MiB]:       430142     420.061     0.410

Dynamically allocated memory at  amaxparameters [B,KiB,MiB]:       431542     421.428     0.412
read_pa_232_> parameters    BONDS   ANGLS  DIHEDS IMPROPS    MODE
                              227     561     661     112       0
automodel__W> Topology and/or parameter libraries already in memory. These will
                be used instead of the automodel defaults. If this is not what you
                want, clear them before creating the automodel object with
                env.libs.topology.clear() and env.libs.parameters.clear()
openf___224_> Open           d:\data\modeller\poly_modeller\examples\TET\TET12SN.ali

Dynamically allocated memory at   amaxalignment [B,KiB,MiB]:       442803     432.425     0.422

Dynamically allocated memory at   amaxalignment [B,KiB,MiB]:       444253     433.841     0.424

Dynamically allocated memory at   amaxalignment [B,KiB,MiB]:       447153     436.673     0.426

Dynamically allocated memory at   amaxalignment [B,KiB,MiB]:       452953     442.337     0.432

Dynamically allocated memory at   amaxalignment [B,KiB,MiB]:       464553     453.665     0.443
openf___224_> Open           d:\data\modeller\poly_modeller\building_blocks\APH.pdb

Dynamically allocated memory at   amaxalignment [B,KiB,MiB]:       692837     676.599     0.661
openf___224_> Open           d:\data\modeller\poly_modeller\building_blocks\p3_p4_0_27.pdb
openf___224_> Open           d:\data\modeller\poly_modeller\building_blocks\BCR.pdb
openf___224_> Open           d:\data\modeller\poly_modeller\building_blocks\p5_p6_0_27.pdb
openf___224_> Open           d:\data\modeller\poly_modeller\building_blocks\p7_p8_0_27.pdb
openf___224_> Open           d:\data\modeller\poly_modeller\building_blocks\GCN_0_27.pdb

Dynamically allocated memory at    amaxsequence [B,KiB,MiB]:       692865     676.626     0.661

Dynamically allocated memory at    amaxsequence [B,KiB,MiB]:       692893     676.653     0.661

Dynamically allocated memory at    amaxsequence [B,KiB,MiB]:       692921     676.681     0.661

Dynamically allocated memory at    amaxsequence [B,KiB,MiB]:       692949     676.708     0.661

Dynamically allocated memory at    amaxsequence [B,KiB,MiB]:       692977     676.735     0.661

Dynamically allocated memory at    amaxsequence [B,KiB,MiB]:       693005     676.763     0.661

Dynamically allocated memory at    amaxsequence [B,KiB,MiB]:       693321     677.071     0.661

Dynamically allocated memory at    amaxsequence [B,KiB,MiB]:       693533     677.278     0.661

Dynamically allocated memory at    amaxsequence [B,KiB,MiB]:       693817     677.556     0.662

Dynamically allocated memory at    amaxsequence [B,KiB,MiB]:       694029     677.763     0.662

Dynamically allocated memory at    amaxsequence [B,KiB,MiB]:       694241     677.970     0.662

Dynamically allocated memory at    amaxsequence [B,KiB,MiB]:       694453     678.177     0.662

Dynamically allocated memory at    amaxsequence [B,KiB,MiB]:       696305     679.985     0.664

Read the alignment from file       : d:\data\modeller\poly_modeller\examples\TET\TET12SN.ali
Total number of alignment positions:   464

  #  Code        #_Res #_Segm PDB_code    Name
-------------------------------------------------------------------------------
  1  APHshSN_A      80      2     APH.pdb
  2  P3SN_P4SN      54      2 p3_p4_0_27.
  3  BCRSN_BCR      72      2     BCR.pdb
  4  P5SN_P6SN      54      2 p5_p6_0_27.
  5  P7SN_P8SN      54      2 p7_p8_0_27.
  6  GCNshSN_G      54      2 GCN_0_27.pd
  7    TET12SN     464      1     TET12SN
check_a_343_> >> BEGINNING OF COMMAND
openf___224_> Open           d:\data\modeller\poly_modeller\building_blocks\APH.pdb

Dynamically allocated memory at amaxcoordinates [B,KiB,MiB]:       722030     705.107     0.689

Dynamically allocated memory at    amaxsequence [B,KiB,MiB]:       722030     705.107     0.689

Dynamically allocated memory at amaxcoordinates [B,KiB,MiB]:       722201     705.274     0.689

Dynamically allocated memory at amaxcoordinates [B,KiB,MiB]:       723051     706.104     0.690

Dynamically allocated memory at amaxcoordinates [B,KiB,MiB]:       724309     707.333     0.691

Dynamically allocated memory at amaxcoordinates [B,KiB,MiB]:       726213     709.192     0.693

Dynamically allocated memory at    amaxsequence [B,KiB,MiB]:       726213     709.192     0.693

Dynamically allocated memory at amaxcoordinates [B,KiB,MiB]:       726303     709.280     0.693

Dynamically allocated memory at amaxcoordinates [B,KiB,MiB]:       729159     712.069     0.695

Dynamically allocated memory at amaxcoordinates [B,KiB,MiB]:       733443     716.253     0.699

Dynamically allocated memory at    amaxsequence [B,KiB,MiB]:       733443     716.253     0.699

Dynamically allocated memory at amaxcoordinates [B,KiB,MiB]:       733578     716.385     0.700

Dynamically allocated memory at    amaxsequence [B,KiB,MiB]:       733578     716.385     0.700

Dynamically allocated memory at amaxcoordinates [B,KiB,MiB]:       733578     716.385     0.700

Dynamically allocated memory at amaxcoordinates [B,KiB,MiB]:       740004     722.660     0.706

Dynamically allocated memory at    amaxsequence [B,KiB,MiB]:       740004     722.660     0.706

Dynamically allocated memory at amaxcoordinates [B,KiB,MiB]:       740202     722.854     0.706

Dynamically allocated memory at amaxcoordinates [B,KiB,MiB]:       749824     732.250     0.715

Dynamically allocated memory at    amaxsequence [B,KiB,MiB]:       749824     732.250     0.715

Dynamically allocated memory at amaxcoordinates [B,KiB,MiB]:       750121     732.540     0.715

Dynamically allocated memory at   amaxstructure [B,KiB,MiB]:       749941     732.364     0.715
openf___224_> Open           d:\data\modeller\poly_modeller\building_blocks\p3_p4_0_27.pdb

Dynamically allocated memory at amaxcoordinates [B,KiB,MiB]:       767866     749.869     0.732

Dynamically allocated memory at    amaxsequence [B,KiB,MiB]:       767866     749.869     0.732

Dynamically allocated memory at amaxcoordinates [B,KiB,MiB]:       768037     750.036     0.732

Dynamically allocated memory at amaxcoordinates [B,KiB,MiB]:       768887     750.866     0.733

Dynamically allocated memory at amaxcoordinates [B,KiB,MiB]:       770145     752.095     0.734

Dynamically allocated memory at amaxcoordinates [B,KiB,MiB]:       772049     753.954     0.736

Dynamically allocated memory at    amaxsequence [B,KiB,MiB]:       772049     753.954     0.736

Dynamically allocated memory at amaxcoordinates [B,KiB,MiB]:       772139     754.042     0.736

Dynamically allocated memory at amaxcoordinates [B,KiB,MiB]:       774995     756.831     0.739

Dynamically allocated memory at    amaxsequence [B,KiB,MiB]:       774995     756.831     0.739

Dynamically allocated memory at amaxcoordinates [B,KiB,MiB]:       774995     756.831     0.739

Dynamically allocated memory at    amaxsequence [B,KiB,MiB]:       774995     756.831     0.739

Dynamically allocated memory at amaxcoordinates [B,KiB,MiB]:       775130     756.963     0.739

Dynamically allocated memory at amaxcoordinates [B,KiB,MiB]:       779414     761.146     0.743

Dynamically allocated memory at    amaxsequence [B,KiB,MiB]:       779414     761.146     0.743

Dynamically allocated memory at amaxcoordinates [B,KiB,MiB]:       779612     761.340     0.743

Dynamically allocated memory at amaxcoordinates [B,KiB,MiB]:       786038     767.615     0.750

Dynamically allocated memory at   amaxstructure [B,KiB,MiB]:       785921     767.501     0.750
openf___224_> Open           d:\data\modeller\poly_modeller\building_blocks\BCR.pdb

Dynamically allocated memory at amaxcoordinates [B,KiB,MiB]:       809246     790.279     0.772

Dynamically allocated memory at    amaxsequence [B,KiB,MiB]:       809246     790.279     0.772

Dynamically allocated memory at amaxcoordinates [B,KiB,MiB]:       809417     790.446     0.772

Dynamically allocated memory at amaxcoordinates [B,KiB,MiB]:       810267     791.276     0.773

Dynamically allocated memory at amaxcoordinates [B,KiB,MiB]:       811525     792.505     0.774

Dynamically allocated memory at amaxcoordinates [B,KiB,MiB]:       813429     794.364     0.776

Dynamically allocated memory at amaxcoordinates [B,KiB,MiB]:       816285     797.153     0.778

Dynamically allocated memory at    amaxsequence [B,KiB,MiB]:       816285     797.153     0.778

Dynamically allocated memory at amaxcoordinates [B,KiB,MiB]:       816375     797.241     0.779

Dynamically allocated memory at amaxcoordinates [B,KiB,MiB]:       820659     801.425     0.783

Dynamically allocated memory at    amaxsequence [B,KiB,MiB]:       820659     801.425     0.783

Dynamically allocated memory at amaxcoordinates [B,KiB,MiB]:       820794     801.557     0.783

Dynamically allocated memory at    amaxsequence [B,KiB,MiB]:       820794     801.557     0.783

Dynamically allocated memory at amaxcoordinates [B,KiB,MiB]:       820794     801.557     0.783

Dynamically allocated memory at amaxcoordinates [B,KiB,MiB]:       827220     807.832     0.789

Dynamically allocated memory at    amaxsequence [B,KiB,MiB]:       827220     807.832     0.789

Dynamically allocated memory at amaxcoordinates [B,KiB,MiB]:       827418     808.025     0.789

Dynamically allocated memory at amaxcoordinates [B,KiB,MiB]:       837040     817.422     0.798

Dynamically allocated memory at    amaxsequence [B,KiB,MiB]:       837040     817.422     0.798

Dynamically allocated memory at amaxcoordinates [B,KiB,MiB]:       837337     817.712     0.799

Dynamically allocated memory at   amaxstructure [B,KiB,MiB]:       837085     817.466     0.798
openf___224_> Open           d:\data\modeller\poly_modeller\building_blocks\p5_p6_0_27.pdb

Dynamically allocated memory at amaxcoordinates [B,KiB,MiB]:       855010     834.971     0.815

Dynamically allocated memory at    amaxsequence [B,KiB,MiB]:       855010     834.971     0.815

Dynamically allocated memory at amaxcoordinates [B,KiB,MiB]:       855181     835.138     0.816

Dynamically allocated memory at amaxcoordinates [B,KiB,MiB]:       856031     835.968     0.816

Dynamically allocated memory at amaxcoordinates [B,KiB,MiB]:       857289     837.196     0.818

Dynamically allocated memory at amaxcoordinates [B,KiB,MiB]:       859193     839.056     0.819

Dynamically allocated memory at    amaxsequence [B,KiB,MiB]:       859193     839.056     0.819

Dynamically allocated memory at amaxcoordinates [B,KiB,MiB]:       859283     839.144     0.819

Dynamically allocated memory at amaxcoordinates [B,KiB,MiB]:       862139     841.933     0.822

Dynamically allocated memory at    amaxsequence [B,KiB,MiB]:       862139     841.933     0.822

Dynamically allocated memory at amaxcoordinates [B,KiB,MiB]:       862139     841.933     0.822

Dynamically allocated memory at    amaxsequence [B,KiB,MiB]:       862139     841.933     0.822

Dynamically allocated memory at amaxcoordinates [B,KiB,MiB]:       862274     842.064     0.822

Dynamically allocated memory at amaxcoordinates [B,KiB,MiB]:       866558     846.248     0.826

Dynamically allocated memory at    amaxsequence [B,KiB,MiB]:       866558     846.248     0.826

Dynamically allocated memory at amaxcoordinates [B,KiB,MiB]:       866756     846.441     0.827

Dynamically allocated memory at amaxcoordinates [B,KiB,MiB]:       873182     852.717     0.833

Dynamically allocated memory at   amaxstructure [B,KiB,MiB]:       873065     852.603     0.833
openf___224_> Open           d:\data\modeller\poly_modeller\building_blocks\p7_p8_0_27.pdb

Dynamically allocated memory at amaxcoordinates [B,KiB,MiB]:       890990     870.107     0.850

Dynamically allocated memory at    amaxsequence [B,KiB,MiB]:       890990     870.107     0.850

Dynamically allocated memory at amaxcoordinates [B,KiB,MiB]:       891161     870.274     0.850

Dynamically allocated memory at amaxcoordinates [B,KiB,MiB]:       892011     871.104     0.851

Dynamically allocated memory at amaxcoordinates [B,KiB,MiB]:       893269     872.333     0.852

Dynamically allocated memory at amaxcoordinates [B,KiB,MiB]:       895173     874.192     0.854

Dynamically allocated memory at    amaxsequence [B,KiB,MiB]:       895173     874.192     0.854

Dynamically allocated memory at amaxcoordinates [B,KiB,MiB]:       895263     874.280     0.854

Dynamically allocated memory at amaxcoordinates [B,KiB,MiB]:       898119     877.069     0.857

Dynamically allocated memory at    amaxsequence [B,KiB,MiB]:       898119     877.069     0.857

Dynamically allocated memory at amaxcoordinates [B,KiB,MiB]:       898119     877.069     0.857

Dynamically allocated memory at    amaxsequence [B,KiB,MiB]:       898119     877.069     0.857

Dynamically allocated memory at amaxcoordinates [B,KiB,MiB]:       898254     877.201     0.857

Dynamically allocated memory at amaxcoordinates [B,KiB,MiB]:       902538     881.385     0.861

Dynamically allocated memory at    amaxsequence [B,KiB,MiB]:       902538     881.385     0.861

Dynamically allocated memory at amaxcoordinates [B,KiB,MiB]:       902736     881.578     0.861

Dynamically allocated memory at amaxcoordinates [B,KiB,MiB]:       909162     887.854     0.867

Dynamically allocated memory at   amaxstructure [B,KiB,MiB]:       909045     887.739     0.867
openf___224_> Open           d:\data\modeller\poly_modeller\building_blocks\GCN_0_27.pdb

Dynamically allocated memory at amaxcoordinates [B,KiB,MiB]:       926970     905.244     0.884

Dynamically allocated memory at    amaxsequence [B,KiB,MiB]:       926970     905.244     0.884

Dynamically allocated memory at amaxcoordinates [B,KiB,MiB]:       927141     905.411     0.884

Dynamically allocated memory at amaxcoordinates [B,KiB,MiB]:       927991     906.241     0.885

Dynamically allocated memory at amaxcoordinates [B,KiB,MiB]:       929249     907.470     0.886

Dynamically allocated memory at amaxcoordinates [B,KiB,MiB]:       931153     909.329     0.888

Dynamically allocated memory at    amaxsequence [B,KiB,MiB]:       931153     909.329     0.888

Dynamically allocated memory at amaxcoordinates [B,KiB,MiB]:       931243     909.417     0.888

Dynamically allocated memory at amaxcoordinates [B,KiB,MiB]:       934099     912.206     0.891

Dynamically allocated memory at    amaxsequence [B,KiB,MiB]:       934099     912.206     0.891

Dynamically allocated memory at amaxcoordinates [B,KiB,MiB]:       934099     912.206     0.891

Dynamically allocated memory at    amaxsequence [B,KiB,MiB]:       934099     912.206     0.891

Dynamically allocated memory at amaxcoordinates [B,KiB,MiB]:       934234     912.338     0.891

Dynamically allocated memory at amaxcoordinates [B,KiB,MiB]:       938518     916.521     0.895

Dynamically allocated memory at    amaxsequence [B,KiB,MiB]:       938518     916.521     0.895

Dynamically allocated memory at amaxcoordinates [B,KiB,MiB]:       938716     916.715     0.895

Dynamically allocated memory at amaxcoordinates [B,KiB,MiB]:       945142     922.990     0.901

Dynamically allocated memory at   amaxstructure [B,KiB,MiB]:       945025     922.876     0.901

check_ali___> Checking pairwise structural superpositions. 

Equivalent CA pairs with distance difference larger than  6.0 angstroms:

ALN_POS TMPL1 TMPL2  RID1  RID2  NAM1  NAM2     DIST
----------------------------------------------------
drmsq1__W> n<2
drmsq3__W> n<2
drmsq1__W> n<2
drmsq3__W> n<2
drmsq1__W> n<2
drmsq3__W> n<2
drmsq1__W> n<2
drmsq3__W> n<2
drmsq1__W> n<2
drmsq3__W> n<2
drmsq1__W> n<2
drmsq3__W> n<2
drmsq1__W> n<2
drmsq3__W> n<2
drmsq1__W> n<2
drmsq3__W> n<2
drmsq1__W> n<2
drmsq3__W> n<2
drmsq1__W> n<2
drmsq3__W> n<2
drmsq1__W> n<2
drmsq3__W> n<2
drmsq1__W> n<2
drmsq3__W> n<2
drmsq1__W> n<2
drmsq3__W> n<2
drmsq1__W> n<2
drmsq3__W> n<2
drmsq1__W> n<2
drmsq3__W> n<2
END OF TABLE

check_ali___> Checking the sequence-structure alignment. 

Implied target CA(i)-CA(i+1) distances longer than  8.0 angstroms:

ALN_POS  TMPL  RID1  RID2  NAM1  NAM2     DIST
----------------------------------------------
END OF TABLE
check_a_344_> << END OF COMMAND
openf___224_> Open           d:\data\modeller\poly_modeller\examples\TET\TET12SN.ali

Dynamically allocated memory at   amaxalignment [B,KiB,MiB]:       947003     924.808     0.903

Dynamically allocated memory at   amaxalignment [B,KiB,MiB]:       948453     926.224     0.905

Dynamically allocated memory at   amaxalignment [B,KiB,MiB]:       951353     929.056     0.907

Dynamically allocated memory at   amaxalignment [B,KiB,MiB]:       957153     934.720     0.913

Dynamically allocated memory at   amaxalignment [B,KiB,MiB]:       968753     946.048     0.924

Dynamically allocated memory at   amaxalignment [B,KiB,MiB]:       976117     953.239     0.931

Dynamically allocated memory at    amaxsequence [B,KiB,MiB]:       977969     955.048     0.933

Dynamically allocated memory at    amaxsequence [B,KiB,MiB]:       979821     956.856     0.934

Read the alignment from file       : d:\data\modeller\poly_modeller\examples\TET\TET12SN.ali
Total number of alignment positions:   464

  #  Code        #_Res #_Segm PDB_code    Name
-------------------------------------------------------------------------------
  1    TET12SN     464      1     TET12SN
  2    TET12SN     464      1     TET12SN

Dynamically allocated memory at       amaxmodel [B,KiB,MiB]:      1052512    1027.844     1.004

Dynamically allocated memory at       amaxmodel [B,KiB,MiB]:      1425500    1392.090     1.359

Dynamically allocated memory at       amaxmodel [B,KiB,MiB]:      1479252    1444.582     1.411

mkilst______> segment topology constructed from sequence and RTF:
              segments residues atoms bonds angles dihedrals impropers:
                     1      464  3787  3827      0         0      1446

Dynamically allocated memory at       amaxmodel [B,KiB,MiB]:      1634432    1596.125     1.559

patch_______> segment topology patched using RTF:     1  ;  MET  ;  NTER
              segments residues atoms bonds angles dihedrals impropers:
                     1      464  3787  3827   5118      5862      1446


Dynamically allocated memory at       amaxmodel [B,KiB,MiB]:      1793488    1751.453     1.710
patch_______> segment topology patched using RTF:   464  ;  HIS  ;  CTER
              segments residues atoms bonds angles dihedrals impropers:
                     1      464  3788  3828   5120      5864      1447

genseg______> segment topology constructed from sequence and RTF:
              segments residues atoms bonds angles dihedrals impropers:
                     1      464  3788  3828   5120      5864      1447
openf___224_> Open           ..\TET12SN-00/02-final-initial-min.pdb

Dynamically allocated memory at amaxcoordinates [B,KiB,MiB]:      1934413    1889.075     1.845

Dynamically allocated memory at    amaxsequence [B,KiB,MiB]:      1934413    1889.075     1.845

Dynamically allocated memory at amaxcoordinates [B,KiB,MiB]:      1934584    1889.242     1.845

Dynamically allocated memory at amaxcoordinates [B,KiB,MiB]:      1935434    1890.072     1.846

Dynamically allocated memory at amaxcoordinates [B,KiB,MiB]:      1936692    1891.301     1.847

Dynamically allocated memory at amaxcoordinates [B,KiB,MiB]:      1938596    1893.160     1.849

Dynamically allocated memory at amaxcoordinates [B,KiB,MiB]:      1941452    1895.949     1.852

Dynamically allocated memory at    amaxsequence [B,KiB,MiB]:      1941452    1895.949     1.852

Dynamically allocated memory at amaxcoordinates [B,KiB,MiB]:      1941542    1896.037     1.852

Dynamically allocated memory at amaxcoordinates [B,KiB,MiB]:      1945826    1900.221     1.856

Dynamically allocated memory at    amaxsequence [B,KiB,MiB]:      1945826    1900.221     1.856

Dynamically allocated memory at amaxcoordinates [B,KiB,MiB]:      1945961    1900.353     1.856

Dynamically allocated memory at    amaxsequence [B,KiB,MiB]:      1945961    1900.353     1.856

Dynamically allocated memory at amaxcoordinates [B,KiB,MiB]:      1946159    1900.546     1.856

Dynamically allocated memory at amaxcoordinates [B,KiB,MiB]:      1952585    1906.821     1.862

Dynamically allocated memory at    amaxsequence [B,KiB,MiB]:      1952585    1906.821     1.862

Dynamically allocated memory at amaxcoordinates [B,KiB,MiB]:      1952882    1907.111     1.862

Dynamically allocated memory at amaxcoordinates [B,KiB,MiB]:      1962504    1916.508     1.872

Dynamically allocated memory at    amaxsequence [B,KiB,MiB]:      1962504    1916.508     1.872

Dynamically allocated memory at amaxcoordinates [B,KiB,MiB]:      1962954    1916.947     1.872

Dynamically allocated memory at amaxcoordinates [B,KiB,MiB]:      1977404    1931.059     1.886

Dynamically allocated memory at    amaxsequence [B,KiB,MiB]:      1977404    1931.059     1.886

Dynamically allocated memory at amaxcoordinates [B,KiB,MiB]:      1978079    1931.718     1.886

Dynamically allocated memory at amaxcoordinates [B,KiB,MiB]:      1999737    1952.868     1.907

Dynamically allocated memory at    amaxsequence [B,KiB,MiB]:      1999737    1952.868     1.907

Dynamically allocated memory at amaxcoordinates [B,KiB,MiB]:      2000745    1953.853     1.908

Dynamically allocated memory at amaxcoordinates [B,KiB,MiB]:      2033249    1985.595     1.939

Dynamically allocated memory at    amaxsequence [B,KiB,MiB]:      2033249    1985.595     1.939

Dynamically allocated memory at amaxcoordinates [B,KiB,MiB]:      2034761    1987.071     1.940

Dynamically allocated memory at amaxcoordinates [B,KiB,MiB]:      2083517    2034.685     1.987

Dynamically allocated memory at   amaxstructure [B,KiB,MiB]:      2083148    2034.324     1.987
transfe_506_> MODEL is an average of all templates.
transfe_511_> Number of templates for coordinate transfer:        1
              After transferring coordinates of the equivalent template atoms,
              there are defined, undefined atoms in MODEL:     3788        0
openf___224_> Open           TET12SN.ini
wrpdb___568_> Residues, atoms, selected atoms:      464     3788     3788
make_re_417_> Restraint type to be calculated:  stereo

Dynamically allocated memory at  amaxrestraints [B,KiB,MiB]:      1865717    1821.989     1.779

Dynamically allocated memory at  amaxrestraints [B,KiB,MiB]:      1873909    1829.989     1.787

Dynamically allocated memory at  amaxrestraints [B,KiB,MiB]:      1890293    1845.989     1.803

Dynamically allocated memory at  amaxrestraints [B,KiB,MiB]:      1923061    1877.989     1.834

Dynamically allocated memory at  amaxrestraints [B,KiB,MiB]:      1955829    1909.989     1.865

Dynamically allocated memory at  amaxrestraints [B,KiB,MiB]:      2021365    1973.989     1.928

Dynamically allocated memory at  amaxrestraints [B,KiB,MiB]:      2054133    2005.989     1.959

Dynamically allocated memory at  amaxrestraints [B,KiB,MiB]:      2086901    2037.989     1.990

Dynamically allocated memory at  amaxrestraints [B,KiB,MiB]:      2152437    2101.989     2.053

Dynamically allocated memory at  amaxrestraints [B,KiB,MiB]:      2283509    2229.989     2.178

Dynamically allocated memory at  amaxrestraints [B,KiB,MiB]:      2349045    2293.989     2.240

Dynamically allocated memory at  amaxrestraints [B,KiB,MiB]:      2414581    2357.989     2.303

Dynamically allocated memory at  amaxrestraints [B,KiB,MiB]:      2545653    2485.989     2.428

Dynamically allocated memory at  amaxrestraints [B,KiB,MiB]:      2807797    2741.989     2.678

Dynamically allocated memory at  amaxrestraints [B,KiB,MiB]:      2938869    2869.989     2.803
r_stere_606_> Stereochemical restraints were constructed from RTF & PRMF.
              Added bond,angle,dihedral,improper restraints  :     3828    5120    5541    1430
              Total number of restraints before, now         :        0    15919
make_re_422_> Number of previous, current restraints         :        0    15919
make_re_423_> Number of previous, current selected restraints:        0    15919
make_re_417_> Restraint type to be calculated:  phi-psi_binormal

Dynamically allocated memory at   amaxstructure [B,KiB,MiB]:      3210496    3135.250     3.062
openf___224_> Open           ${MODINSTALL9v15}/modlib/mnch1.bin
openf___224_> Open           ${MODINSTALL9v15}/modlib/mnch1.mdt
errdih__638_> Missing atoms in a dihedral, residue index, residue type:        5        4  ASP
errdih__638_> Missing atoms in a dihedral, residue index, residue type:        6        4  ASP
errdih__638_> Missing atoms in a dihedral, residue index, residue type:        6       25  LYS
errdih__638_> Missing atoms in a dihedral, residue index, residue type:        6       52  LYS
errdih__638_> Missing atoms in a dihedral, residue index, residue type:        7        5  LYS
errdih__638_> Missing atoms in a dihedral, residue index, residue type:        7       25  LYS
errdih__638_> Missing atoms in a dihedral, residue index, residue type:        7       52  LYS
errdih__638_> Missing atoms in a dihedral, residue index, residue type:        8        5  LYS
errdih__638_> Missing atoms in a dihedral, residue index, residue type:        8       25  LYS
errdih__638_> Missing atoms in a dihedral, residue index, residue type:        8       52  LYS
getdata_643_> Protein accepted:  APHshSN_APHshSN
getdata_643_> Protein accepted:  P3SN_P4SN
getdata_643_> Protein accepted:  BCRSN_BCRSN
getdata_643_> Protein accepted:  P5SN_P6SN
getdata_643_> Protein accepted:  P7SN_P8SN
getdata_643_> Protein accepted:  GCNshSN_GCNshSN
getdata_289_> Proteins (all/accepted):        6        6

Dynamically allocated memory at  amaxrestraints [B,KiB,MiB]:      3341764    3263.441     3.187
make_re_422_> Number of previous, current restraints         :    15919    16381
make_re_423_> Number of previous, current selected restraints:    15919    16381
make_re_417_> Restraint type to be calculated:  omega_dihedral

Dynamically allocated memory at   amaxstructure [B,KiB,MiB]:      3341764    3263.441     3.187
openf___224_> Open           ${MODINSTALL9v15}/modlib/omega.bin
openf___224_> Open           ${MODINSTALL9v15}/modlib/omega.mdt
getdata_643_> Protein accepted:  APHshSN_APHshSN
getdata_643_> Protein accepted:  P3SN_P4SN
getdata_643_> Protein accepted:  BCRSN_BCRSN
getdata_643_> Protein accepted:  P5SN_P6SN
getdata_643_> Protein accepted:  P7SN_P8SN
getdata_643_> Protein accepted:  GCNshSN_GCNshSN
getdata_289_> Proteins (all/accepted):        6        6
omgdel__425_> Unselected all O C +N +CA dihedrals:      480
              (This is to avoid clashes between STEREO
              and OMEGA_DIHEDRAL restraints)

Dynamically allocated memory at  amaxrestraints [B,KiB,MiB]:      3603908    3519.441     3.437
make_re_422_> Number of previous, current restraints         :    16381    16844
make_re_423_> Number of previous, current selected restraints:    16381    16364
make_re_417_> Restraint type to be calculated:  chi1_dihedral

Dynamically allocated memory at   amaxstructure [B,KiB,MiB]:      3603908    3519.441     3.437
openf___224_> Open           ${MODINSTALL9v15}/modlib/chi1234.bin
openf___224_> Open           ${MODINSTALL9v15}/modlib/chi1.mdt
getdata_643_> Protein accepted:  APHshSN_APHshSN
getdata_643_> Protein accepted:  P3SN_P4SN
getdata_643_> Protein accepted:  BCRSN_BCRSN
getdata_643_> Protein accepted:  P5SN_P6SN
getdata_643_> Protein accepted:  P7SN_P8SN
getdata_643_> Protein accepted:  GCNshSN_GCNshSN
getdata_289_> Proteins (all/accepted):        6        6
make_re_422_> Number of previous, current restraints         :    16844    17274
make_re_423_> Number of previous, current selected restraints:    16364    16794
make_re_417_> Restraint type to be calculated:  chi2_dihedral

Dynamically allocated memory at   amaxstructure [B,KiB,MiB]:      3603908    3519.441     3.437
openf___224_> Open           ${MODINSTALL9v15}/modlib/chi1234.bin
openf___224_> Open           ${MODINSTALL9v15}/modlib/chi2.mdt
getdata_643_> Protein accepted:  APHshSN_APHshSN
getdata_643_> Protein accepted:  P3SN_P4SN
getdata_643_> Protein accepted:  BCRSN_BCRSN
getdata_643_> Protein accepted:  P5SN_P6SN
getdata_643_> Protein accepted:  P7SN_P8SN
getdata_643_> Protein accepted:  GCNshSN_GCNshSN
getdata_289_> Proteins (all/accepted):        6        6

Dynamically allocated memory at  amaxrestraints [B,KiB,MiB]:      3866052    3775.441     3.687
make_re_422_> Number of previous, current restraints         :    17274    17647
make_re_423_> Number of previous, current selected restraints:    16794    17167
make_re_417_> Restraint type to be calculated:  chi3_dihedral

Dynamically allocated memory at   amaxstructure [B,KiB,MiB]:      3866052    3775.441     3.687
openf___224_> Open           ${MODINSTALL9v15}/modlib/chi1234.bin
openf___224_> Open           ${MODINSTALL9v15}/modlib/chi3.mdt
getdata_643_> Protein accepted:  APHshSN_APHshSN
getdata_643_> Protein accepted:  P3SN_P4SN
getdata_643_> Protein accepted:  BCRSN_BCRSN
getdata_643_> Protein accepted:  P5SN_P6SN
getdata_643_> Protein accepted:  P7SN_P8SN
getdata_643_> Protein accepted:  GCNshSN_GCNshSN
getdata_289_> Proteins (all/accepted):        6        6
make_re_422_> Number of previous, current restraints         :    17647    17887
make_re_423_> Number of previous, current selected restraints:    17167    17407
make_re_417_> Restraint type to be calculated:  chi4_dihedral

Dynamically allocated memory at   amaxstructure [B,KiB,MiB]:      3866052    3775.441     3.687
openf___224_> Open           ${MODINSTALL9v15}/modlib/chi1234.bin
openf___224_> Open           ${MODINSTALL9v15}/modlib/chi4.mdt
mdtrsr__446W> A potential that relies on one protein is used, yet you have at
              least one known structure available. MDT, not library, potential is used.
getdata_643_> Protein accepted:  APHshSN_APHshSN
getdata_643_> Protein accepted:  P3SN_P4SN
getdata_643_> Protein accepted:  BCRSN_BCRSN
getdata_643_> Protein accepted:  P5SN_P6SN
getdata_643_> Protein accepted:  P7SN_P8SN
getdata_643_> Protein accepted:  GCNshSN_GCNshSN
getdata_289_> Proteins (all/accepted):        6        6
make_re_422_> Number of previous, current restraints         :    17887    17949
make_re_423_> Number of previous, current selected restraints:    17407    17469
make_re_417_> Restraint type to be calculated:  DISTANCE

Dynamically allocated memory at amaxhash_contac [B,KiB,MiB]:      4956960    4840.781     4.727

Dynamically allocated memory at  amaxrestraints [B,KiB,MiB]:      5481248    5352.781     5.227

Dynamically allocated memory at  amaxrestraints [B,KiB,MiB]:      5743392    5608.781     5.477
make_re_422_> Number of previous, current restraints         :    17949    22236
make_re_423_> Number of previous, current selected restraints:    17469    21756
make_re_417_> Restraint type to be calculated:  DISTANCE
make_re_422_> Number of previous, current restraints         :    22236    27521
make_re_423_> Number of previous, current selected restraints:    21756    27041
make_re_417_> Restraint type to be calculated:  DISTANCE
make_re_422_> Number of previous, current restraints         :    27521    32639
make_re_423_> Number of previous, current selected restraints:    27041    32159
make_re_417_> Restraint type to be calculated:  DISTANCE

Dynamically allocated memory at  amaxrestraints [B,KiB,MiB]:      6267680    6120.781     5.977
make_re_422_> Number of previous, current restraints         :    32639    35051
make_re_423_> Number of previous, current selected restraints:    32159    34571
0 atoms in HETATM/BLK residues constrained
to protein atoms within 2.30 angstroms
and protein CA atoms within 10.00 angstroms
make_re_417_> Restraint type to be calculated:  DISTANCE
make_re_422_> Number of previous, current restraints         :    35051    35051
make_re_423_> Number of previous, current selected restraints:    34571    34571
make_re_417_> Restraint type to be calculated:  DISTANCE
make_re_422_> Number of previous, current restraints         :    35051    35051
make_re_423_> Number of previous, current selected restraints:    34571    34571
make_re_417_> Restraint type to be calculated:  DISTANCE
make_re_422_> Number of previous, current restraints         :    35051    35051
make_re_423_> Number of previous, current selected restraints:    34571    34571
make_re_417_> Restraint type to be calculated:  DISTANCE
make_re_422_> Number of previous, current restraints         :    35051    35051
make_re_423_> Number of previous, current selected restraints:    34571    34571
0 atoms in residues without defined topology
constrained to be rigid bodies
make_re_417_> Restraint type to be calculated:  DISTANCE
make_re_422_> Number of previous, current restraints         :    35051    35051
make_re_423_> Number of previous, current selected restraints:    34571    34571
r_alpha_427_>        2 redundant cosine dihedral restraints were unselected.
r_alpha_427_>       47 redundant cosine dihedral restraints were unselected.
r_alpha_427_>       84 redundant cosine dihedral restraints were unselected.

Dynamically allocated memory at  amaxrestraints [B,KiB,MiB]:      6791968    6632.781     6.477
r_alpha_427_>      125 redundant cosine dihedral restraints were unselected.

Dynamically allocated memory at  amaxrestraints [B,KiB,MiB]:      7840544    7656.781     7.477
r_alpha_427_>      157 redundant cosine dihedral restraints were unselected.
r_alpha_427_>      202 redundant cosine dihedral restraints were unselected.
r_alpha_427_>      239 redundant cosine dihedral restraints were unselected.
r_alpha_427_>      271 redundant cosine dihedral restraints were unselected.
r_alpha_427_>      308 redundant cosine dihedral restraints were unselected.
r_alpha_427_>      345 redundant cosine dihedral restraints were unselected.
r_alpha_427_>      382 redundant cosine dihedral restraints were unselected.
r_alpha_427_>      423 redundant cosine dihedral restraints were unselected.
rmdupl__427_>     3039 redundant cosine dihedral restraints were unselected.
condens_443_> Restraints marked for deletion were removed.
              Total number of restraints before, now:    42861    39342
openf___224_> Open           TET12SN.rsr
openf___224_> Open           TET12SN.rsr

Dynamically allocated memory at  amaxrestraints [B,KiB,MiB]:      8112540    7922.402     7.737
rdcsr2__307_> Number of restraints read    :    39342
              Number of excluded pairs read:        0
              Number of pseudo atoms read  :        0
rdcsrs__304_> Restraints in memory, selected restraints:    39342    39342
              Explicitly excluded atom pairs in memory :        0
              Pseudo atoms in memory                   :        0
openf___224_> Open           TET12SN.ini

Dynamically allocated memory at       amaxmodel [B,KiB,MiB]:      8112560    7922.422     7.737
read_mo_297_> Segments, residues, atoms:        1      464     3788
read_mo_298_> Segment:        1     1   464     3788
randomi_498_> Atoms,selected atoms,random_seed,amplitude:     3788     3788        1        4.0000
randomi_496_> Amplitude is > 0; randomization is done.
<Model containing 1 chain, 464 residues, and 3788 atoms> TET12SN 9999 0 .pdb
pick_re_612_> Number of MODEL atoms, selected restraints;     3788    22100
pick_re_612_> Number of MODEL atoms, selected restraints;     3788    27631
pick_re_612_> Number of MODEL atoms, selected restraints;     3788    30833
pick_re_612_> Number of MODEL atoms, selected restraints;     3788    33937
pick_re_612_> Number of MODEL atoms, selected restraints;     3788    33937
pick_re_612_> Number of MODEL atoms, selected restraints;     3788    33937
pick_re_612_> Number of MODEL atoms, selected restraints;     3788    33937
pick_re_612_> Number of MODEL atoms, selected restraints;     3788    33937
pick_re_612_> Number of MODEL atoms, selected restraints;     3788    35552

Dynamically allocated memory at  amaxrestraints [B,KiB,MiB]:      8496056    8296.930     8.102
pick_re_612_> Number of MODEL atoms, selected restraints;     3788    37552
pick_re_612_> Number of MODEL atoms, selected restraints;     3788    38846
pick_re_612_> Number of MODEL atoms, selected restraints;     3788    39342
iupac_m_486_> OE1/2 will be swapped:     -166.5538        3     3
iupac_m_486_> OE1/2 will be swapped:     -164.3305       11    11
iupac_m_486_> OE1/2 will be swapped:      113.7298       18    18
iupac_m_487_> NH1/2 swapped:      174.0465       30    30
iupac_m_486_> OE1/2 will be swapped:     -168.9476       32    32
iupac_m_486_> OE1/2 will be swapped:     -175.2057       49    49
iupac_m_486_> OE1/2 will be swapped:     -179.5980       51    51
iupac_m_486_> OE1/2 will be swapped:     -174.4491       56    56
iupac_m_486_> OE1/2 will be swapped:      134.1752       68    68
iupac_m_486_> OE1/2 will be swapped:     -105.2925       71    71
iupac_m_486_> OE1/2 will be swapped:      143.8660       75    75
iupac_m_486_> OE1/2 will be swapped:     -177.6288       86    86
iupac_m_486_> OE1/2 will be swapped:     -178.0541       88    88
iupac_m_486_> OE1/2 will be swapped:      110.6620       90    90
iupac_m_487_> NH1/2 swapped:     -175.3855       91    91
iupac_m_487_> NH1/2 swapped:     -179.7577       97    97
iupac_m_487_> NH1/2 swapped:     -178.4811       98    98
iupac_m_487_> NH1/2 swapped:      177.3737      109   109
iupac_m_486_> OE1/2 will be swapped:     -179.9477      118   118
iupac_m_486_> OE1/2 will be swapped:      150.9159      141   141
iupac_m_486_> OE1/2 will be swapped:     -167.3912      172   172
iupac_m_486_> OE1/2 will be swapped:     -179.6283      204   204
iupac_m_485_> OD1/2 will be swapped:      167.8322      205   205
iupac_m_486_> OE1/2 will be swapped:      114.2445      225   225
iupac_m_486_> OE1/2 will be swapped:     -168.2706      246   246
iupac_m_483_> CD1/2 CE1/2 swapped:       90.6599      252   252
iupac_m_397W> Atoms were not swapped because of the uncertainty of how to handle the H atom.
iupac_m_485_> OD1/2 will be swapped:     -116.1516      274   274
iupac_m_486_> OE1/2 will be swapped:     -180.0000      310   310
iupac_m_486_> OE1/2 will be swapped:      178.5330      312   312
iupac_m_486_> OE1/2 will be swapped:      165.3644      318   318
iupac_m_486_> OE1/2 will be swapped:      179.4902      347   347
iupac_m_485_> OD1/2 will be swapped:      171.8048      348   348
iupac_m_483_> CD1/2 CE1/2 swapped:       99.0044      376   376
iupac_m_397W> Atoms were not swapped because of the uncertainty of how to handle the H atom.
iupac_m_485_> OD1/2 will be swapped:      132.5286      382   382
iupac_m_486_> OE1/2 will be swapped:      178.5339      384   384
iupac_m_486_> OE1/2 will be swapped:      160.3386      386   386
iupac_m_486_> OE1/2 will be swapped:     -165.4043      388   388
iupac_m_486_> OE1/2 will be swapped:      -98.9837      392   392
iupac_m_487_> NH1/2 swapped:     -175.4882      407   407
iupac_m_486_> OE1/2 will be swapped:      145.5114      425   425
iupac_m_485_> OD1/2 will be swapped:     -173.6993      426   426


>> ENERGY; Differences between the model's features and restraints:
Number of all residues in MODEL                   :      464
Number of all, selected real atoms                :     3788    3788
Number of all, selected pseudo atoms              :        0       0
Number of all static, selected restraints         :    39342   39342
COVALENT_CYS                                      :        F
NONBONDED_SEL_ATOMS                               :        1
Number of non-bonded pairs (excluding 1-2,1-3,1-4):     8839
Dynamic pairs routine                             : 2, NATM x NATM cell sorting
Atomic shift for contacts update (UPDATE_DYNAMIC) :    0.390
LENNARD_JONES_SWITCH                              :    6.500   7.500
COULOMB_JONES_SWITCH                              :    6.500   7.500
RESIDUE_SPAN_RANGE                                :        0   99999
NLOGN_USE                                         :       15
CONTACT_SHELL                                     :    4.000
DYNAMIC_PAIRS,_SPHERE,_COULOMB,_LENNARD,_MODELLER :        T       T       F       F       F
SPHERE_STDV                                       :    0.050
RADII_FACTOR                                      :    0.820
Current energy                                    :        1737.4081





Summary of the restraint violations: 

   NUM     ... number of restraints.
   NUMVI   ... number of restraints with RVIOL > VIOL_REPORT_CUT[i].
   RVIOL   ... relative difference from the best value.
   NUMVP   ... number of restraints with -Ln(pdf) > VIOL_REPORT_CUT2[i].
   RMS_1   ... RMS(feature, minimally_violated_basis_restraint, NUMB).
   RMS_2   ... RMS(feature, best_value, NUMB).
   MOL.PDF ... scaled contribution to -Ln(Molecular pdf).

 #                     RESTRAINT_GROUP      NUM   NUMVI  NUMVP   RMS_1   RMS_2         MOL.PDF     S_i
------------------------------------------------------------------------------------------------------
 1 Bond length potential              :    3828       0      0   0.006   0.006      36.014       1.000
 2 Bond angle potential               :    5120       0      0   1.652   1.652      274.37       1.000
 3 Stereochemical cosine torsion poten:    2022       0     13  43.562  43.562      617.09       1.000
 4 Stereochemical improper torsion pot:    1430       0      0   1.224   1.224      38.984       1.000
 5 Soft-sphere overlap restraints     :    8839       0      0   0.002   0.002      4.1504       1.000
 6 Lennard-Jones 6-12 potential       :       0       0      0   0.000   0.000      0.0000       1.000
 7 Coulomb point-point electrostatic p:       0       0      0   0.000   0.000      0.0000       1.000
 8 H-bonding potential                :     350       0      0   0.088   0.088      66.614       1.000
 9 Distance restraints 1 (CA-CA)      :    4287       0      0   0.202   0.202      145.43       1.000
10 Distance restraints 2 (N-O)        :    5285       0      0   0.180   0.180      132.35       1.000
11 Mainchain Phi dihedral restraints  :       0       0      0   0.000   0.000      0.0000       1.000
12 Mainchain Psi dihedral restraints  :       0       0      0   0.000   0.000      0.0000       1.000
13 Mainchain Omega dihedral restraints:     463       0      0   2.237   2.237      26.005       1.000
14 Sidechain Chi_1 dihedral restraints:     430       0      4  70.344  70.344      116.63       1.000
15 Sidechain Chi_2 dihedral restraints:     373       0      4  71.387  71.387      131.55       1.000
16 Sidechain Chi_3 dihedral restraints:     240       0      1  73.019  73.019      186.30       1.000
17 Sidechain Chi_4 dihedral restraints:      62       0      0  76.406  76.406      37.872       1.000
18 Disulfide distance restraints      :       0       0      0   0.000   0.000      0.0000       1.000
19 Disulfide angle restraints         :       0       0      0   0.000   0.000      0.0000       1.000
20 Disulfide dihedral angle restraints:       0       0      0   0.000   0.000      0.0000       1.000
21 Lower bound distance restraints    :       0       0      0   0.000   0.000      0.0000       1.000
22 Upper bound distance restraints    :       0       0      0   0.000   0.000      0.0000       1.000
23 Distance restraints 3 (SDCH-MNCH)  :    5118       0      0   0.435   0.435      121.59       1.000
24 Sidechain Chi_5 dihedral restraints:       0       0      0   0.000   0.000      0.0000       1.000
25 Phi/Psi pair of dihedral restraints:     860      64     17  14.476  48.525     -969.51       1.000
26 Distance restraints 4 (SDCH-SDCH)  :    2412       0     14   1.163   1.163      309.92       1.000
27 Distance restraints 5 (X-Y)        :    7062       0      0   0.079   0.079      462.05       1.000
28 NMR distance restraints 6 (X-Y)    :       0       0      0   0.000   0.000      0.0000       1.000
29 NMR distance restraints 7 (X-Y)    :       0       0      0   0.000   0.000      0.0000       1.000
30 Minimal distance restraints        :       0       0      0   0.000   0.000      0.0000       1.000
31 Non-bonded restraints              :       0       0      0   0.000   0.000      0.0000       1.000
32 Atomic accessibility restraints    :       0       0      0   0.000   0.000      0.0000       1.000
33 Atomic density restraints          :       0       0      0   0.000   0.000      0.0000       1.000
34 Absolute position restraints       :       0       0      0   0.000   0.000      0.0000       1.000
35 Dihedral angle difference restraint:       0       0      0   0.000   0.000      0.0000       1.000
36 GBSA implicit solvent potential    :       0       0      0   0.000   0.000      0.0000       1.000
37 EM density fitting potential       :       0       0      0   0.000   0.000      0.0000       1.000
38 SAXS restraints                    :       0       0      0   0.000   0.000      0.0000       1.000
39 Symmetry restraints                :       0       0      0   0.000   0.000      0.0000       1.000



openf___224_> Open           TET12SN.V99990000
# Heavy relative violation of each residue is written to: TET12SN.V99990000
# The profile is NOT normalized by the number of restraints.
# The profiles are smoothed over a window of residues:    1
# The sum of all numbers in the file:   47482.4922



List of the violated restraints:
   A restraint is violated when the relative difference
   from the best value (RVIOL) is larger than CUTOFF.

   ICSR   ... index of a restraint in the current set.
   RESNO  ... residue numbers of the first two atoms.
   ATM    ... IUPAC atom names of the first two atoms.
   FEAT   ... the value of the feature in the model.
   restr  ... the mean of the basis restraint with the smallest
              difference from the model (local minimum).
   viol   ... difference from the local minimum.
   rviol  ... relative difference from the local minimum.
   RESTR  ... the best value (global minimum).
   VIOL   ... difference from the best value.
   RVIOL  ... relative difference from the best value.


-------------------------------------------------------------------------------------------------

Feature 25                           : Phi/Psi pair of dihedral restraints     
List of the RVIOL violations larger than   :       6.5000

    #   ICSR  RESNO1/2 ATM1/2   INDATM1/2    FEAT   restr    viol   rviol   RESTR    VIOL   RVIOL
    1  12401   1M   2L C   N       7    9  -63.32  -63.50    1.27    0.17 -108.50 -179.30    9.23
    1          2L   2L N   CA      9   10  -42.46  -41.20                  132.50
    2  12440  40K  41L C   N     336  338  -61.24 -108.50  173.72    8.82  -70.70  176.52   13.01
    2         41L  41L N   CA    338  339  -34.67  132.50                  141.60
    3  12442  42S  43G C   N     350  352  -85.45  -80.20    6.44    0.47   82.20 -126.97    7.43
    3         43G  43G N   CA    352  353  170.36  174.10                    8.50
    4  12444  44P  45G C   N     361  363  -85.44  -80.20   13.45    0.32   82.20 -115.49    7.41
    4         45G  45G N   CA    363  364 -173.51  174.10                    8.50
    5  12445  45G  46S C   N     365  367 -161.75 -136.60   72.10    3.04  -64.10  144.29   17.47
    5         46S  46S N   CA    367  368 -141.24  151.20                  -35.00
    6  12447  47S  48P C   N     377  379  -59.12  -58.70    3.53    0.33  -64.50  178.88   13.63
    6         48P  48P N   CA    379  380  -34.00  -30.50                  147.20
    7  12451  51E  52I C   N     410  412  -63.86  -63.40    1.91    0.30 -120.60 -178.83    8.30
    7         52I  52I N   CA    412  413  -41.75  -43.60                  130.30
    8  12479  79S  80G C   N     648  650  -66.70  -80.20   37.85    2.15   82.20 -142.13   16.60
    8         80G  80G N   CA    650  651 -150.55  174.10                    8.50
    9  12481  81P  82G C   N     659  661  175.99 -167.20   17.68    0.48   82.20 -173.99   13.20
    9         82G  82G N   CA    661  662  169.14  174.60                    8.50
   10  12482  82G  83S C   N     663  665  171.61 -136.60  110.08    4.26  -64.10  146.03   19.15
   10         83S  83S N   CA    665  666 -111.67  151.20                  -35.00
   11  12519 119K 120S C   N     982  984  -92.31  -72.40   23.94    1.93  -64.10  176.39   11.40
   11        120S 120S N   CA    984  985  139.11  152.40                  -35.00
   12  12520 120S 121G C   N     988  990   71.07   78.70    8.86    0.29   82.20  170.48    8.84
   12        121G 121G N   CA    990  991 -161.61 -166.10                    8.50
   13  12552 152S 153G C   N    1246 1248 -147.57 -167.20   34.28    0.93   82.20 -170.26   14.47
   13        153G 153G N   CA   1248 1249  146.49  174.60                    8.50
   14  12554 154P 155G C   N    1257 1259  -66.24  -62.40    5.55    1.03   82.20  157.86   12.05
   14        155G 155G N   CA   1259 1260  -45.21  -41.20                    8.50
   15  12555 155G 156S C   N    1261 1263 -173.65 -136.60   48.07    1.49  -64.10 -179.73   20.97
   15        156S 156S N   CA   1263 1264 -178.17  151.20                  -35.00
   16  12556 156S 157L C   N    1267 1269  -64.20  -63.50    1.64    0.27   60.20  143.88   17.37
   16        157L 157L N   CA   1269 1270  -42.69  -41.20                   29.60
   17  12595 195K 196L C   N    1596 1598  -59.29  -63.50    6.65    1.18 -108.50  175.59    8.90
   17        196L 196L N   CA   1598 1599  -36.05  -41.20                  132.50
   18  12596 196L 197S C   N    1604 1606  -59.50  -72.40   26.75    1.23  -64.10  164.03   12.16
   18        197S 197S N   CA   1606 1607  128.97  152.40                  -35.00
   19  12597 197S 198G C   N    1610 1612  112.71   78.70   52.32    1.03   82.20  148.80    8.72
   19        198G 198G N   CA   1612 1613  154.14 -166.10                    8.50
   20  12598 198G 199P C   N    1614 1616  -69.86  -58.70   18.74    1.16  -64.50  162.72   12.43
   20        199P 199P N   CA   1616 1617  -15.44  -30.50                  147.20
   21  12600 200G 201S C   N    1625 1627 -118.56 -136.60   40.16    1.58  -64.10  159.88    9.85
   21        201S 201S N   CA   1627 1628  115.32  151.20                  -35.00
   22  12602 202S 203P C   N    1637 1639  -60.75  -58.70    7.03    0.75  -64.50  175.62   13.30
   22        203P 203P N   CA   1639 1640  -37.22  -30.50                  147.20
   23  12606 206E 207I C   N    1670 1672  -64.45  -63.40    2.88    0.44 -120.60 -179.81    8.26
   23        207I 207I N   CA   1672 1673  -40.92  -43.60                  130.30
   24  12633 233Y 234S C   N    1902 1904  -77.62  -72.40   10.17    0.47  -64.10  164.43   12.77
   24        234S 234S N   CA   1904 1905  161.13  152.40                  -35.00
   25  12634 234S 235G C   N    1908 1910 -119.87  -80.20   83.12    5.17   82.20 -176.95   14.29
   25        235G 235G N   CA   1910 1911  101.06  174.10                    8.50
   26  12636 236P 237G C   N    1919 1921 -163.39 -167.20   45.76    1.74   82.20  166.16   12.68
   26        237G 237G N   CA   1921 1922  129.00  174.60                    8.50
   27  12637 237G 238S C   N    1923 1925 -141.50 -136.60   43.55    2.30  -64.10  162.53   10.53
   27        238S 238S N   CA   1925 1926  107.92  151.20                  -35.00
   28  12664 264L 265V C   N    2153 2155  -61.39  -62.40    3.21    0.47 -125.40 -171.45   10.57
   28        265V 265V N   CA   2155 2156  -39.35  -42.40                  143.30
   29  12665 265V 266S C   N    2160 2162  -63.71  -72.40   13.31    1.05  -64.10  162.51   11.75
   29        266S 266S N   CA   2162 2163  162.49  152.40                  -35.00
   30  12668 268P 269G C   N    2177 2179  -89.94  -80.20   23.75    0.56   82.20 -116.13   18.70
   30        269G 269G N   CA   2179 2180 -164.24  174.10                    8.50
   31  12669 269G 270S C   N    2181 2183  -64.00  -72.40   10.17    0.82  -64.10  166.87   12.08
   31        270S 270S N   CA   2183 2184  158.13  152.40                  -35.00
   32  12671 271S 272P C   N    2193 2195  -59.14  -58.70    9.32    0.81  -64.50  173.08   13.20
   32        272P 272P N   CA   2195 2196  -39.80  -30.50                  147.20
   33  12701 301E 302Y C   N    2446 2448  -67.86  -63.50    5.99    1.13 -124.30 -174.13   12.29
   33        302Y 302Y N   CA   2448 2449  -47.51  -43.40                  135.40
   34  12702 302Y 303S C   N    2458 2460   66.20  -72.40  139.88    9.41  -64.10 -146.98   24.84
   34        303S 303S N   CA   2460 2461  133.52  152.40                  -35.00
   35  12705 305P 306G C   N    2475 2477 -165.62 -167.20   45.43    1.76   82.20  164.78   12.55
   35        306G 306G N   CA   2477 2478  129.20  174.60                    8.50
   36  12706 306G 307S C   N    2479 2481 -173.12 -136.60   86.51    3.47  -64.10  144.85   18.23
   36        307S 307S N   CA   2481 2482 -130.38  151.20                  -35.00
   37  12708 308S 309P C   N    2491 2493  -58.47  -58.70    3.51    0.27  -64.50  178.90   13.67
   37        309P 309P N   CA   2493 2494  -34.00  -30.50                  147.20
   38  12739 339Y 340S C   N    2753 2755  -66.62  -72.40    7.70    0.62  -64.10  167.52   12.29
   38        340S 340S N   CA   2755 2756  157.49  152.40                  -35.00
   39  12740 340S 341G C   N    2759 2761   95.93   78.70   34.43    0.52   82.20  156.19    8.27
   39        341G 341G N   CA   2761 2762  164.09 -166.10                    8.50
   40  12741 341G 342P C   N    2763 2765  -51.81  -58.70   14.76    0.86  -64.50  169.72   13.34
   40        342P 342P N   CA   2765 2766  -43.55  -30.50                  147.20
   41  12743 343G 344S C   N    2774 2776  -57.12  -72.40   27.78    1.27  -64.10  164.35   12.34
   41        344S 344S N   CA   2776 2777  129.20  152.40                  -35.00
   42  12745 345S 346P C   N    2786 2788  -60.04  -58.70    5.07    0.53  -64.50  177.47   13.48
   42        346P 346P N   CA   2788 2789  -35.39  -30.50                  147.20
   43  12775 375E 376Y C   N    3039 3041  -63.35  -63.50    2.07    0.34 -124.30 -173.05    7.72
   43        376Y 376Y N   CA   3041 3042  -41.34  -43.40                  135.40
   44  12776 376Y 377S C   N    3051 3053  -64.18  -72.40   11.68    0.93  -64.10  164.30   11.91
   44        377S 377S N   CA   3053 3054  160.70  152.40                  -35.00
   45  12777 377S 378G C   N    3057 3059 -160.94 -167.20    9.48    0.36   82.20 -151.05   15.21
   45        378G 378G N   CA   3059 3060 -178.29  174.60                    8.50
   46  12779 379P 380G C   N    3068 3070 -148.22 -167.20   19.00    0.34   82.20 -150.00   15.65
   46        380G 380G N   CA   3070 3071  173.76  174.60                    8.50
   47  12780 380G 381S C   N    3072 3074  -92.95  -72.40   56.56    2.71  -64.10  123.33   10.90
   47        381S 381S N   CA   3074 3075 -154.91  152.40                  -35.00
   48  12781 381S 382D C   N    3078 3080  -61.18  -63.30    2.21    0.37   54.50  140.81   18.15
   48        382D 382D N   CA   3080 3081  -39.37  -40.00                   40.90
   49  12817 417K 418S C   N    3391 3393   77.05 -136.60  158.83    4.99  -64.10 -179.75   16.06
   49        418S 418S N   CA   3393 3394 -147.11  151.20                  -35.00
   50  12818 418S 419G C   N    3397 3399  -67.71  -80.20   24.21    1.55   82.20 -130.58   17.32
   50        419G 419G N   CA   3399 3400 -165.17  174.10                    8.50
   51  12820 420P 421G C   N    3408 3410  168.14 -167.20   25.83    0.37   82.20 -166.11   13.33
   51        421G 421G N   CA   3410 3411 -177.69  174.60                    8.50
   52  12821 421G 422S C   N    3412 3414 -125.43 -136.60   11.61    0.54  -64.10 -178.69   17.45
   52        422S 422S N   CA   3414 3415  154.37  151.20                  -35.00
   53  12822 422S 423S C   N    3418 3420  -81.93  -72.40   69.51    4.42  -64.10  119.88    7.80
   53        423S 423S N   CA   3420 3421   83.55  152.40                  -35.00
   54  12823 423S 424P C   N    3424 3426  -56.68  -58.70   10.74    0.74  -64.50  171.93   13.25
   54        424P 424P N   CA   3426 3427  -41.05  -30.50                  147.20
   55  12853 453K 454Y C   N    3677 3679  -62.08  -63.50    1.65    0.24 -124.30 -169.90    7.84
   55        454Y 454Y N   CA   3679 3680  -44.23  -43.40                  135.40
   56  12854 454Y 455L C   N    3689 3691 -115.46 -108.50   36.04    2.01  -63.50  147.78   18.31
   56        455L 455L N   CA   3691 3692   97.14  132.50                  -41.20
   57  12855 455L 456E C   N    3697 3699 -117.58  -63.60   88.93   10.34  -63.60   88.93   10.34
   57        456E 456E N   CA   3699 3700   30.37  -40.30                  -40.30
   58  12856 456E 457H C   N    3706 3708   50.76   56.30   16.04    1.15  -63.20  150.40   25.51
   58        457H 457H N   CA   3708 3709   55.85   40.80                  -42.30
   59  12857 457H 458H C   N    3716 3718  -51.58  -67.60   22.89    1.36  -63.20  166.36   21.53
   59        458H 458H N   CA   3718 3719  123.65  140.00                  -42.30
   60  12859 459H 460H C   N    3736 3738 -101.92 -125.60   24.00    0.76  -63.20 -178.63   20.54
   60        460H 460H N   CA   3738 3739  134.88  138.80                  -42.30
   61  12860 460H 461H C   N    3746 3748 -124.77 -125.60   19.24    0.75  -63.20  171.14   25.42
   61        461H 461H N   CA   3748 3749  158.02  138.80                  -42.30
   62  12861 461H 462H C   N    3756 3758  -66.30  -67.60    1.83    0.16  -63.20  176.44   22.25
   62        462H 462H N   CA   3758 3759  141.29  140.00                  -42.30
   63  12862 462H 463H C   N    3766 3768  -70.01  -67.60    2.67    0.17  -63.20  176.68   22.52
   63        463H 463H N   CA   3768 3769  141.15  140.00                  -42.30
   64  38719 422S 423S C   N    3418 3420  -81.93  -64.10  119.88    7.80  -64.10  119.88    7.80
   64        423S 423S N   CA   3420 3421   83.55  -35.00                  -35.00


report______> Distribution of short non-bonded contacts:


DISTANCE1:  0.00 2.10 2.20 2.30 2.40 2.50 2.60 2.70 2.80 2.90 3.00 3.10 3.20 3.30 3.40
DISTANCE2:  2.10 2.20 2.30 2.40 2.50 2.60 2.70 2.80 2.90 3.00 3.10 3.20 3.30 3.40 3.50
FREQUENCY:     0    0    0    0    0   31   37  174  177  552  533  292  999  507  800


<< end of ENERGY.
openf___224_> Open           ${LIB}/atmcls-mf.lib

Dynamically allocated memory at amaxgroup_restr [B,KiB,MiB]:      8496464    8297.328     8.103

Dynamically allocated memory at amaxgroup_restr [B,KiB,MiB]:      8496528    8297.391     8.103

Dynamically allocated memory at amaxgroup_restr [B,KiB,MiB]:      8496586    8297.447     8.103

Dynamically allocated memory at amaxgroup_restr [B,KiB,MiB]:      8496650    8297.510     8.103

Dynamically allocated memory at amaxgroup_restr [B,KiB,MiB]:      8496716    8297.574     8.103

Dynamically allocated memory at amaxgroup_restr [B,KiB,MiB]:      8496780    8297.637     8.103

Dynamically allocated memory at amaxgroup_restr [B,KiB,MiB]:      8496936    8297.789     8.103

Dynamically allocated memory at amaxgroup_restr [B,KiB,MiB]:      8497064    8297.914     8.103

Dynamically allocated memory at amaxgroup_restr [B,KiB,MiB]:      8497358    8298.201     8.104

Dynamically allocated memory at amaxgroup_restr [B,KiB,MiB]:      8497550    8298.389     8.104

Dynamically allocated memory at amaxgroup_restr [B,KiB,MiB]:      8498054    8298.881     8.104

Dynamically allocated memory at amaxgroup_restr [B,KiB,MiB]:      8498310    8299.131     8.105

Dynamically allocated memory at amaxgroup_restr [B,KiB,MiB]:      8499306    8300.104     8.106

Dynamically allocated memory at amaxgroup_restr [B,KiB,MiB]:      8499690    8300.479     8.106

Dynamically allocated memory at amaxgroup_restr [B,KiB,MiB]:      8500266    8301.041     8.106

Dynamically allocated memory at amaxgroup_restr [B,KiB,MiB]:      8502300    8303.027     8.108

Dynamically allocated memory at amaxgroup_restr [B,KiB,MiB]:      8503196    8303.902     8.109

Dynamically allocated memory at amaxgroup_restr [B,KiB,MiB]:      8507648    8308.250     8.114

Dynamically allocated memory at amaxgroup_restr [B,KiB,MiB]:      8508992    8309.562     8.115

Dynamically allocated memory at amaxgroup_restr [B,KiB,MiB]:      8518610    8318.955     8.124

Dynamically allocated memory at amaxgroup_restr [B,KiB,MiB]:      8520594    8320.893     8.126

Dynamically allocated memory at amaxgroup_restr [B,KiB,MiB]:      8541240    8341.055     8.146

Dynamically allocated memory at amaxgroup_restr [B,KiB,MiB]:      8544248    8343.992     8.148

Dynamically allocated memory at amaxgroup_restr [B,KiB,MiB]:      8590214    8388.881     8.192

Dynamically allocated memory at amaxgroup_restr [B,KiB,MiB]:      8594694    8393.256     8.197

Dynamically allocated memory at amaxgroup_restr [B,KiB,MiB]:      8695914    8492.104     8.293
openf___224_> Open           ${LIB}/dist-mf.lib

Dynamically allocated memory at amaxgroup_restr [B,KiB,MiB]:      8696310    8492.490     8.293

Dynamically allocated memory at amaxgroup_restr [B,KiB,MiB]:      8697106    8493.268     8.294

Dynamically allocated memory at amaxgroup_restr [B,KiB,MiB]:      8697902    8494.045     8.295

Dynamically allocated memory at amaxgroup_restr [B,KiB,MiB]:      8699090    8495.205     8.296

Dynamically allocated memory at amaxgroup_restr [B,KiB,MiB]:      8699490    8495.596     8.296

Dynamically allocated memory at amaxgroup_restr [B,KiB,MiB]:      8700090    8496.182     8.297

Dynamically allocated memory at amaxgroup_restr [B,KiB,MiB]:      8700990    8497.061     8.298

Dynamically allocated memory at amaxgroup_restr [B,KiB,MiB]:      8702338    8498.377     8.299

Dynamically allocated memory at amaxgroup_restr [B,KiB,MiB]:      8702538    8498.572     8.299

Dynamically allocated memory at amaxgroup_restr [B,KiB,MiB]:      8704562    8500.549     8.301

Dynamically allocated memory at amaxgroup_restr [B,KiB,MiB]:      8704862    8500.842     8.302

Dynamically allocated memory at amaxgroup_restr [B,KiB,MiB]:      8707898    8503.807     8.304

Dynamically allocated memory at amaxgroup_restr [B,KiB,MiB]:      8708346    8504.244     8.305

Dynamically allocated memory at amaxgroup_restr [B,KiB,MiB]:      8712898    8508.689     8.309

Dynamically allocated memory at amaxgroup_restr [B,KiB,MiB]:      8713570    8509.346     8.310

Dynamically allocated memory at amaxgroup_restr [B,KiB,MiB]:      8720398    8516.014     8.316

Dynamically allocated memory at amaxgroup_restr [B,KiB,MiB]:      8721406    8516.998     8.317

Dynamically allocated memory at amaxgroup_restr [B,KiB,MiB]:      8731650    8527.002     8.327

Dynamically allocated memory at amaxgroup_restr [B,KiB,MiB]:      8732250    8527.588     8.328

Dynamically allocated memory at amaxgroup_restr [B,KiB,MiB]:      8732650    8527.979     8.328

Dynamically allocated memory at amaxgroup_restr [B,KiB,MiB]:      8734162    8529.455     8.330

Dynamically allocated memory at amaxgroup_restr [B,KiB,MiB]:      8749526    8544.459     8.344

Dynamically allocated memory at amaxgroup_restr [B,KiB,MiB]:      8750426    8545.338     8.345

Dynamically allocated memory at amaxgroup_restr [B,KiB,MiB]:      8751026    8545.924     8.346

Dynamically allocated memory at amaxgroup_restr [B,KiB,MiB]:      8753294    8548.139     8.348

Dynamically allocated memory at amaxgroup_restr [B,KiB,MiB]:      8776342    8570.646     8.370

Dynamically allocated memory at amaxgroup_restr [B,KiB,MiB]:      8777686    8571.959     8.371

Dynamically allocated memory at amaxgroup_restr [B,KiB,MiB]:      8778586    8572.838     8.372

Dynamically allocated memory at amaxgroup_restr [B,KiB,MiB]:      8781990    8576.162     8.375

Dynamically allocated memory at amaxgroup_restr [B,KiB,MiB]:      8816562    8609.924     8.408

Dynamically allocated memory at amaxgroup_restr [B,KiB,MiB]:      8818578    8611.893     8.410

Dynamically allocated memory at amaxgroup_restr [B,KiB,MiB]:      8819926    8613.209     8.411

Dynamically allocated memory at amaxgroup_restr [B,KiB,MiB]:      8825030    8618.193     8.416

Dynamically allocated memory at amaxgroup_restr [B,KiB,MiB]:      8876886    8668.834     8.466

Dynamically allocated memory at amaxgroup_restr [B,KiB,MiB]:      8879910    8671.787     8.469

Dynamically allocated memory at amaxgroup_restr [B,KiB,MiB]:      8881934    8673.764     8.470

Dynamically allocated memory at amaxgroup_restr [B,KiB,MiB]:      8889590    8681.240     8.478

Dynamically allocated memory at amaxgroup_restr [B,KiB,MiB]:      8967374    8757.201     8.552

Dynamically allocated memory at amaxgroup_restr [B,KiB,MiB]:      8971910    8761.631     8.556

Dynamically allocated memory at amaxgroup_restr [B,KiB,MiB]:      8974946    8764.596     8.559

Dynamically allocated memory at amaxgroup_restr [B,KiB,MiB]:      8986430    8775.811     8.570

Dynamically allocated memory at amaxgroup_restr [B,KiB,MiB]:      9103106    8889.752     8.681

Dynamically allocated memory at amaxgroup_restr [B,KiB,MiB]:      9109910    8896.396     8.688

Dynamically allocated memory at amaxgroup_restr [B,KiB,MiB]:      9114462    8900.842     8.692

Dynamically allocated memory at amaxgroup_restr [B,KiB,MiB]:      9131690    8917.666     8.709

Dynamically allocated memory at amaxgroup_restr [B,KiB,MiB]:      9306706    9088.580     8.876

Dynamically allocated memory at amaxgroup_restr [B,KiB,MiB]:      9316918    9098.553     8.885

Dynamically allocated memory at amaxgroup_restr [B,KiB,MiB]:      9323746    9105.221     8.892

Dynamically allocated memory at amaxgroup_restr [B,KiB,MiB]:      9349586    9130.455     8.916

Dynamically allocated memory at amaxgroup_restr [B,KiB,MiB]:      9612110    9386.826     9.167

Dynamically allocated memory at amaxgroup_restr [B,KiB,MiB]:      9627422    9401.779     9.181

Dynamically allocated memory at amaxgroup_restr [B,KiB,MiB]:      9637666    9411.783     9.191

Dynamically allocated memory at amaxgroup_restr [B,KiB,MiB]:      9676426    9449.635     9.228

Dynamically allocated memory at amaxgroup_restr [B,KiB,MiB]:     10070210    9834.189     9.604

Dynamically allocated memory at amaxgroup_restr [B,KiB,MiB]:     10093178    9856.619     9.626

Dynamically allocated memory at amaxgroup_restr [B,KiB,MiB]:     10108542    9871.623     9.640

Dynamically allocated memory at amaxgroup_restr [B,KiB,MiB]:     10166682    9928.400     9.696

Dynamically allocated memory at amaxgroup_restr [B,KiB,MiB]:     10757358   10505.232    10.259

Dynamically allocated memory at amaxgroup_restr [B,KiB,MiB]:     10791810   10538.877    10.292

Dynamically allocated memory at amaxgroup_restr [B,KiB,MiB]:     10814858   10561.385    10.314

Dynamically allocated memory at amaxgroup_restr [B,KiB,MiB]:     10902070   10646.553    10.397

Dynamically allocated memory at amaxgroup_restr [B,KiB,MiB]:     11788086   11511.803    11.242

Dynamically allocated memory at amaxgroup_restr [B,KiB,MiB]:     11839770   11562.275    11.291

Dynamically allocated memory at amaxgroup_restr [B,KiB,MiB]:     11874342   11596.037    11.324

Dynamically allocated memory at amaxgroup_restr [B,KiB,MiB]:     12005158   11723.787    11.449

Dynamically allocated memory at amaxgroup_restr [B,KiB,MiB]:     13334182   13021.662    12.716
read_pa_232_> parameters    BONDS   ANGLS  DIHEDS IMPROPS    MODE
                                0       0       0       0   12561
>> Model assessment by DOPE potential
iatmcls_286W> MODEL atom not classified:  HIS:OXT  HIS

Dynamically allocated memory at  amaxrestraints [B,KiB,MiB]:     13717862   13396.350    13.082

Dynamically allocated memory at  amaxrestraints [B,KiB,MiB]:     13899686   13573.912    13.256

Dynamically allocated memory at  amaxrestraints [B,KiB,MiB]:     14263334   13929.037    13.603

Dynamically allocated memory at  amaxrestraints [B,KiB,MiB]:     14990630   14639.287    14.296

Dynamically allocated memory at  amaxrestraints [B,KiB,MiB]:     16445222   16059.787    15.683

Dynamically allocated memory at  amaxrestraints [B,KiB,MiB]:     19354406   18900.787    18.458


>> ENERGY; Differences between the model's features and restraints:
Number of all residues in MODEL                   :      464
Number of all, selected real atoms                :     3788    3788
Number of all, selected pseudo atoms              :        0       0
Number of all static, selected restraints         :    39342   39342
COVALENT_CYS                                      :        F
NONBONDED_SEL_ATOMS                               :        1
Number of non-bonded pairs (excluding 1-2,1-3,1-4):   499836
Dynamic pairs routine                             : 1, NATM x NATM double loop
Atomic shift for contacts update (UPDATE_DYNAMIC) :    0.390
LENNARD_JONES_SWITCH                              :    6.500   7.500
COULOMB_JONES_SWITCH                              :    6.500   7.500
RESIDUE_SPAN_RANGE                                :        1    9999
NLOGN_USE                                         :       15
CONTACT_SHELL                                     :   15.000
DYNAMIC_PAIRS,_SPHERE,_COULOMB,_LENNARD,_MODELLER :        T       F       F       F       T
SPHERE_STDV                                       :    0.050
RADII_FACTOR                                      :    0.820
Current energy                                    :      -41251.7617




<< end of ENERGY.
DOPE score               : -41251.761719
>> Model assessment by GA341 potential

Surface library          : c:\bin\Modeller/modlib/surf5.de
Pair library             : c:\bin\Modeller/modlib/pair9.de
Chain identifier         : _
% sequence identity      :   100.000000
Sequence length          :          464
Compactness              :     0.134979
Native energy (pair)     : -2082.708351
Native energy (surface)  :   -53.415158
Native energy (combined) :   -50.765550
Z score (pair)           :   -14.921534
Z score (surface)        :   -10.373686
Z score (combined)       :   -18.365832
GA341 score              :     1.000000

>> Model assessment by DOPE potential
iatmcls_286W> MODEL atom not classified:  HIS:OXT  HIS


>> ENERGY; Differences between the model's features and restraints:
Number of all residues in MODEL                   :      464
Number of all, selected real atoms                :     3788    3788
Number of all, selected pseudo atoms              :        0       0
Number of all static, selected restraints         :    39342   39342
COVALENT_CYS                                      :        F
NONBONDED_SEL_ATOMS                               :        1
Number of non-bonded pairs (excluding 1-2,1-3,1-4):   499836
Dynamic pairs routine                             : 1, NATM x NATM double loop
Atomic shift for contacts update (UPDATE_DYNAMIC) :    0.390
LENNARD_JONES_SWITCH                              :    6.500   7.500
COULOMB_JONES_SWITCH                              :    6.500   7.500
RESIDUE_SPAN_RANGE                                :        1    9999
NLOGN_USE                                         :       15
CONTACT_SHELL                                     :   15.000
DYNAMIC_PAIRS,_SPHERE,_COULOMB,_LENNARD,_MODELLER :        T       F       F       F       T
SPHERE_STDV                                       :    0.050
RADII_FACTOR                                      :    0.820
Current energy                                    :      -41251.7617




<< end of ENERGY.
DOPE score               : -41251.761719
>> Normalized DOPE z score: -1.062
openf___224_> Open           03-homology-model-00.pdb
wrpdb___568_> Residues, atoms, selected atoms:      464     3788     3788

>> Summary of successfully produced models:
Filename                          molpdf     DOPE score    GA341 score Normalized DOPE score
--------------------------------------------------------------------------------------------
03-homology-model-00.pdb      1737.40808   -41251.76172        1.00000       -1.06151

