
                         MODELLER 9.15, 2015/05/19, r10497

     PROTEIN STRUCTURE MODELLING BY SATISFACTION OF SPATIAL RESTRAINTS


                     Copyright(c) 1989-2015 Andrej Sali
                            All Rights Reserved

                             Written by A. Sali
                               with help from
              B. Webb, M.S. Madhusudhan, M-Y. Shen, G.Q. Dong,
          M.A. Marti-Renom, N. Eswar, F. Alber, M. Topf, B. Oliva,
             A. Fiser, R. Sanchez, B. Yerkovich, A. Badretdinov,
                     F. Melo, J.P. Overington, E. Feyfant
                 University of California, San Francisco, USA
                    Rockefeller University, New York, USA
                      Harvard University, Cambridge, USA
                   Imperial Cancer Research Fund, London, UK
              Birkbeck College, University of London, London, UK


Kind, OS, HostName, Kernel, Processor: 4, Windows Vista build 9200, L12-AJASJA, SMP, x86 Family 6 Model 60 Stepping 3

Date and time of compilation         : 2015/05/19 10:07:30
MODELLER executable type             : i386-w32
Job starting time (YY/MM/DD HH:MM:SS): 2016/08/10 12:26:39

################################
Blocks_file after chdir d:\data\modeller\poly_modeller\building_blocks
openf___224_> Open           ${LIB}/top_heav.lib
read_to_681_> topology.submodel read from topology file:        3
openf___224_> Open           ${LIB}/par.lib

Dynamically allocated memory at  amaxparameters [B,KiB,MiB]:       393418     384.197     0.375

Dynamically allocated memory at  amaxparameters [B,KiB,MiB]:       395018     385.760     0.377

Dynamically allocated memory at  amaxparameters [B,KiB,MiB]:       398998     389.646     0.381

Dynamically allocated memory at  amaxparameters [B,KiB,MiB]:       400998     391.600     0.382

Dynamically allocated memory at  amaxparameters [B,KiB,MiB]:       403998     394.529     0.385

Dynamically allocated memory at  amaxparameters [B,KiB,MiB]:       408498     398.924     0.390

Dynamically allocated memory at  amaxparameters [B,KiB,MiB]:       414070     404.365     0.395

Dynamically allocated memory at  amaxparameters [B,KiB,MiB]:       416870     407.100     0.398

Dynamically allocated memory at  amaxparameters [B,KiB,MiB]:       421070     411.201     0.402

Dynamically allocated memory at  amaxparameters [B,KiB,MiB]:       427370     417.354     0.408

Dynamically allocated memory at  amaxparameters [B,KiB,MiB]:       430142     420.061     0.410

Dynamically allocated memory at  amaxparameters [B,KiB,MiB]:       431542     421.428     0.412
read_pa_232_> parameters    BONDS   ANGLS  DIHEDS IMPROPS    MODE
                              227     561     661     112       0
automodel__W> Topology and/or parameter libraries already in memory. These will
                be used instead of the automodel defaults. If this is not what you
                want, clear them before creating the automodel object with
                env.libs.topology.clear() and env.libs.parameters.clear()
openf___224_> Open           d:\data\modeller\poly_modeller\examples\APHsh\APHsh.ali

Dynamically allocated memory at   amaxalignment [B,KiB,MiB]:       442803     432.425     0.422

Dynamically allocated memory at   amaxalignment [B,KiB,MiB]:       444253     433.841     0.424
openf___224_> Open           d:\data\modeller\poly_modeller\building_blocks\APH_3_37.pdb

Dynamically allocated memory at   amaxalignment [B,KiB,MiB]:       477237     466.052     0.455

Dynamically allocated memory at    amaxsequence [B,KiB,MiB]:       477265     466.079     0.455

Dynamically allocated memory at    amaxsequence [B,KiB,MiB]:       477533     466.341     0.455

Dynamically allocated memory at    amaxsequence [B,KiB,MiB]:       477821     466.622     0.456

Read the alignment from file       : d:\data\modeller\poly_modeller\examples\APHsh\APHsh.ali
Total number of alignment positions:    73

  #  Code        #_Res #_Segm PDB_code    Name
-------------------------------------------------------------------------------
  1  APHshort_      68      2 APH_3_37.pd
  2      APHsh      73      1       APHsh
check_a_343_> >> BEGINNING OF COMMAND
openf___224_> Open           d:\data\modeller\poly_modeller\building_blocks\APH_3_37.pdb

Dynamically allocated memory at amaxcoordinates [B,KiB,MiB]:       499946     488.229     0.477

Dynamically allocated memory at    amaxsequence [B,KiB,MiB]:       499946     488.229     0.477

Dynamically allocated memory at amaxcoordinates [B,KiB,MiB]:       500117     488.396     0.477

Dynamically allocated memory at amaxcoordinates [B,KiB,MiB]:       500967     489.226     0.478

Dynamically allocated memory at amaxcoordinates [B,KiB,MiB]:       502225     490.454     0.479

Dynamically allocated memory at amaxcoordinates [B,KiB,MiB]:       504129     492.313     0.481

Dynamically allocated memory at    amaxsequence [B,KiB,MiB]:       504129     492.313     0.481

Dynamically allocated memory at amaxcoordinates [B,KiB,MiB]:       504219     492.401     0.481

Dynamically allocated memory at amaxcoordinates [B,KiB,MiB]:       507075     495.190     0.484

Dynamically allocated memory at amaxcoordinates [B,KiB,MiB]:       511359     499.374     0.488

Dynamically allocated memory at    amaxsequence [B,KiB,MiB]:       511359     499.374     0.488

Dynamically allocated memory at amaxcoordinates [B,KiB,MiB]:       511494     499.506     0.488

Dynamically allocated memory at    amaxsequence [B,KiB,MiB]:       511494     499.506     0.488

Dynamically allocated memory at amaxcoordinates [B,KiB,MiB]:       511494     499.506     0.488

Dynamically allocated memory at    amaxsequence [B,KiB,MiB]:       511494     499.506     0.488

Dynamically allocated memory at amaxcoordinates [B,KiB,MiB]:       511692     499.699     0.488

Dynamically allocated memory at amaxcoordinates [B,KiB,MiB]:       518118     505.975     0.494

Dynamically allocated memory at    amaxsequence [B,KiB,MiB]:       518118     505.975     0.494

Dynamically allocated memory at amaxcoordinates [B,KiB,MiB]:       518415     506.265     0.494

Dynamically allocated memory at amaxcoordinates [B,KiB,MiB]:       528037     515.661     0.504

Dynamically allocated memory at   amaxstructure [B,KiB,MiB]:       527749     515.380     0.503

check_ali___> Checking the sequence-structure alignment. 

Implied target CA(i)-CA(i+1) distances longer than  8.0 angstroms:

ALN_POS  TMPL  RID1  RID2  NAM1  NAM2     DIST
----------------------------------------------
END OF TABLE
check_a_344_> << END OF COMMAND
openf___224_> Open           d:\data\modeller\poly_modeller\examples\APHsh\APHsh.ali

Dynamically allocated memory at   amaxalignment [B,KiB,MiB]:       529727     517.312     0.505

Dynamically allocated memory at   amaxalignment [B,KiB,MiB]:       531177     518.728     0.507

Dynamically allocated memory at   amaxalignment [B,KiB,MiB]:       532241     519.767     0.508

Dynamically allocated memory at    amaxsequence [B,KiB,MiB]:       532529     520.048     0.508

Dynamically allocated memory at    amaxsequence [B,KiB,MiB]:       532817     520.329     0.508

Read the alignment from file       : d:\data\modeller\poly_modeller\examples\APHsh\APHsh.ali
Total number of alignment positions:    73

  #  Code        #_Res #_Segm PDB_code    Name
-------------------------------------------------------------------------------
  1      APHsh      73      1       APHsh
  2      APHsh      73      1       APHsh

Dynamically allocated memory at       amaxmodel [B,KiB,MiB]:       544121     531.368     0.519

Dynamically allocated memory at       amaxmodel [B,KiB,MiB]:       604685     590.513     0.577

Dynamically allocated memory at       amaxmodel [B,KiB,MiB]:       612973     598.606     0.585

mkilst______> segment topology constructed from sequence and RTF:
              segments residues atoms bonds angles dihedrals impropers:
                     1       73   599   602      0         0       217

Dynamically allocated memory at       amaxmodel [B,KiB,MiB]:       636913     621.985     0.607

patch_______> segment topology patched using RTF:     1  ;  GLU  ;  NTER
              segments residues atoms bonds angles dihedrals impropers:
                     1       73   599   602    800       898       217


Dynamically allocated memory at       amaxmodel [B,KiB,MiB]:       662729     647.196     0.632
patch_______> segment topology patched using RTF:    73  ;  LYS  ;  CTER
              segments residues atoms bonds angles dihedrals impropers:
                     1       73   600   603    802       900       218

genseg______> segment topology constructed from sequence and RTF:
              segments residues atoms bonds angles dihedrals impropers:
                     1       73   600   603    802       900       218
openf___224_> Open           ..\APHsh-00/02-final-initial-min.pdb

Dynamically allocated memory at amaxcoordinates [B,KiB,MiB]:       686354     670.268     0.655

Dynamically allocated memory at    amaxsequence [B,KiB,MiB]:       686354     670.268     0.655

Dynamically allocated memory at amaxcoordinates [B,KiB,MiB]:       686525     670.435     0.655

Dynamically allocated memory at amaxcoordinates [B,KiB,MiB]:       687375     671.265     0.656

Dynamically allocated memory at amaxcoordinates [B,KiB,MiB]:       688633     672.493     0.657

Dynamically allocated memory at amaxcoordinates [B,KiB,MiB]:       690537     674.353     0.659

Dynamically allocated memory at    amaxsequence [B,KiB,MiB]:       690537     674.353     0.659

Dynamically allocated memory at amaxcoordinates [B,KiB,MiB]:       690627     674.440     0.659

Dynamically allocated memory at amaxcoordinates [B,KiB,MiB]:       693483     677.229     0.661

Dynamically allocated memory at amaxcoordinates [B,KiB,MiB]:       697767     681.413     0.665

Dynamically allocated memory at    amaxsequence [B,KiB,MiB]:       697767     681.413     0.665

Dynamically allocated memory at amaxcoordinates [B,KiB,MiB]:       697902     681.545     0.666

Dynamically allocated memory at    amaxsequence [B,KiB,MiB]:       697902     681.545     0.666

Dynamically allocated memory at amaxcoordinates [B,KiB,MiB]:       698100     681.738     0.666

Dynamically allocated memory at amaxcoordinates [B,KiB,MiB]:       704526     688.014     0.672

Dynamically allocated memory at    amaxsequence [B,KiB,MiB]:       704526     688.014     0.672

Dynamically allocated memory at amaxcoordinates [B,KiB,MiB]:       704823     688.304     0.672

Dynamically allocated memory at amaxcoordinates [B,KiB,MiB]:       714445     697.700     0.681

Dynamically allocated memory at   amaxstructure [B,KiB,MiB]:       714202     697.463     0.681
transfe_506_> MODEL is an average of all templates.
transfe_511_> Number of templates for coordinate transfer:        1
              After transferring coordinates of the equivalent template atoms,
              there are defined, undefined atoms in MODEL:      600        0
openf___224_> Open           APHsh.ini
wrpdb___568_> Residues, atoms, selected atoms:       73      600      600
make_re_417_> Restraint type to be calculated:  stereo

Dynamically allocated memory at  amaxrestraints [B,KiB,MiB]:       764686     746.764     0.729

Dynamically allocated memory at  amaxrestraints [B,KiB,MiB]:       772878     754.764     0.737

Dynamically allocated memory at  amaxrestraints [B,KiB,MiB]:       789262     770.764     0.753

Dynamically allocated memory at  amaxrestraints [B,KiB,MiB]:       822030     802.764     0.784

Dynamically allocated memory at  amaxrestraints [B,KiB,MiB]:       854798     834.764     0.815

Dynamically allocated memory at  amaxrestraints [B,KiB,MiB]:       920334     898.764     0.878
r_stere_606_> Stereochemical restraints were constructed from RTF & PRMF.
              Added bond,angle,dihedral,improper restraints  :      603     802     829     218
              Total number of restraints before, now         :        0     2452
make_re_422_> Number of previous, current restraints         :        0     2452
make_re_423_> Number of previous, current selected restraints:        0     2452
make_re_417_> Restraint type to be calculated:  phi-psi_binormal

Dynamically allocated memory at   amaxstructure [B,KiB,MiB]:       962750     940.186     0.918
openf___224_> Open           ${MODINSTALL9v15}/modlib/mnch1.bin
openf___224_> Open           ${MODINSTALL9v15}/modlib/mnch1.mdt
getdata_643_> Protein accepted:  APHshort_APHshort
getdata_289_> Proteins (all/accepted):        1        1

Dynamically allocated memory at  amaxrestraints [B,KiB,MiB]:       995534     972.201     0.949
make_re_422_> Number of previous, current restraints         :     2452     2523
make_re_423_> Number of previous, current selected restraints:     2452     2523
make_re_417_> Restraint type to be calculated:  omega_dihedral

Dynamically allocated memory at   amaxstructure [B,KiB,MiB]:       995534     972.201     0.949
openf___224_> Open           ${MODINSTALL9v15}/modlib/omega.bin
openf___224_> Open           ${MODINSTALL9v15}/modlib/omega.mdt
getdata_643_> Protein accepted:  APHshort_APHshort
getdata_289_> Proteins (all/accepted):        1        1
omgdel__425_> Unselected all O C +N +CA dihedrals:       72
              (This is to avoid clashes between STEREO
              and OMEGA_DIHEDRAL restraints)
make_re_422_> Number of previous, current restraints         :     2523     2595
make_re_423_> Number of previous, current selected restraints:     2523     2523
make_re_417_> Restraint type to be calculated:  chi1_dihedral

Dynamically allocated memory at   amaxstructure [B,KiB,MiB]:       995534     972.201     0.949
openf___224_> Open           ${MODINSTALL9v15}/modlib/chi1234.bin
openf___224_> Open           ${MODINSTALL9v15}/modlib/chi1.mdt
getdata_643_> Protein accepted:  APHshort_APHshort
getdata_289_> Proteins (all/accepted):        1        1

Dynamically allocated memory at  amaxrestraints [B,KiB,MiB]:      1028302    1004.201     0.981
make_re_422_> Number of previous, current restraints         :     2595     2655
make_re_423_> Number of previous, current selected restraints:     2523     2583
make_re_417_> Restraint type to be calculated:  chi2_dihedral

Dynamically allocated memory at   amaxstructure [B,KiB,MiB]:      1028302    1004.201     0.981
openf___224_> Open           ${MODINSTALL9v15}/modlib/chi1234.bin
openf___224_> Open           ${MODINSTALL9v15}/modlib/chi2.mdt
getdata_643_> Protein accepted:  APHshort_APHshort
getdata_289_> Proteins (all/accepted):        1        1
make_re_422_> Number of previous, current restraints         :     2655     2715
make_re_423_> Number of previous, current selected restraints:     2583     2643
make_re_417_> Restraint type to be calculated:  chi3_dihedral

Dynamically allocated memory at   amaxstructure [B,KiB,MiB]:      1028302    1004.201     0.981
openf___224_> Open           ${MODINSTALL9v15}/modlib/chi1234.bin
openf___224_> Open           ${MODINSTALL9v15}/modlib/chi3.mdt
getdata_643_> Protein accepted:  APHshort_APHshort
getdata_289_> Proteins (all/accepted):        1        1
make_re_422_> Number of previous, current restraints         :     2715     2756
make_re_423_> Number of previous, current selected restraints:     2643     2684
make_re_417_> Restraint type to be calculated:  chi4_dihedral

Dynamically allocated memory at   amaxstructure [B,KiB,MiB]:      1028302    1004.201     0.981
openf___224_> Open           ${MODINSTALL9v15}/modlib/chi1234.bin
openf___224_> Open           ${MODINSTALL9v15}/modlib/chi4.mdt
mdtrsr__446W> A potential that relies on one protein is used, yet you have at
              least one known structure available. MDT, not library, potential is used.
getdata_643_> Protein accepted:  APHshort_APHshort
getdata_289_> Proteins (all/accepted):        1        1
make_re_422_> Number of previous, current restraints         :     2756     2769
make_re_423_> Number of previous, current selected restraints:     2684     2697
make_re_417_> Restraint type to be calculated:  DISTANCE

Dynamically allocated memory at amaxhash_contac [B,KiB,MiB]:      1201066    1172.916     1.145
make_re_422_> Number of previous, current restraints         :     2769     3574
make_re_423_> Number of previous, current selected restraints:     2697     3502
make_re_417_> Restraint type to be calculated:  DISTANCE

Dynamically allocated memory at  amaxrestraints [B,KiB,MiB]:      1266602    1236.916     1.208

Dynamically allocated memory at  amaxrestraints [B,KiB,MiB]:      1332138    1300.916     1.270
make_re_422_> Number of previous, current restraints         :     3574     4580
make_re_423_> Number of previous, current selected restraints:     3502     4508
make_re_417_> Restraint type to be calculated:  DISTANCE

Dynamically allocated memory at  amaxrestraints [B,KiB,MiB]:      1463210    1428.916     1.395
make_re_422_> Number of previous, current restraints         :     4580     5560
make_re_423_> Number of previous, current selected restraints:     4508     5488
make_re_417_> Restraint type to be calculated:  DISTANCE
make_re_422_> Number of previous, current restraints         :     5560     6022
make_re_423_> Number of previous, current selected restraints:     5488     5950
0 atoms in HETATM/BLK residues constrained
to protein atoms within 2.30 angstroms
and protein CA atoms within 10.00 angstroms
make_re_417_> Restraint type to be calculated:  DISTANCE
make_re_422_> Number of previous, current restraints         :     6022     6022
make_re_423_> Number of previous, current selected restraints:     5950     5950
make_re_417_> Restraint type to be calculated:  DISTANCE
make_re_422_> Number of previous, current restraints         :     6022     6022
make_re_423_> Number of previous, current selected restraints:     5950     5950
make_re_417_> Restraint type to be calculated:  DISTANCE
make_re_422_> Number of previous, current restraints         :     6022     6022
make_re_423_> Number of previous, current selected restraints:     5950     5950
make_re_417_> Restraint type to be calculated:  DISTANCE
make_re_422_> Number of previous, current restraints         :     6022     6022
make_re_423_> Number of previous, current selected restraints:     5950     5950
0 atoms in residues without defined topology
constrained to be rigid bodies
make_re_417_> Restraint type to be calculated:  DISTANCE
make_re_422_> Number of previous, current restraints         :     6022     6022
make_re_423_> Number of previous, current selected restraints:     5950     5950
r_alpha_427_>        1 redundant cosine dihedral restraints were unselected.

Dynamically allocated memory at  amaxrestraints [B,KiB,MiB]:      1528746    1492.916     1.458
r_alpha_427_>       40 redundant cosine dihedral restraints were unselected.
rmdupl__427_>      458 redundant cosine dihedral restraints were unselected.
condens_443_> Restraints marked for deletion were removed.
              Total number of restraints before, now:     7360     6830
openf___224_> Open           APHsh.rsr
openf___224_> Open           APHsh.rsr

Dynamically allocated memory at  amaxrestraints [B,KiB,MiB]:      1529905    1494.048     1.459
rdcsr2__307_> Number of restraints read    :     6830
              Number of excluded pairs read:        0
              Number of pseudo atoms read  :        0
rdcsrs__304_> Restraints in memory, selected restraints:     6830     6830
              Explicitly excluded atom pairs in memory :        0
              Pseudo atoms in memory                   :        0
openf___224_> Open           APHsh.ini

Dynamically allocated memory at       amaxmodel [B,KiB,MiB]:      1529925    1494.067     1.459
read_mo_297_> Segments, residues, atoms:        1       73      600
read_mo_298_> Segment:        1     1    73      600
randomi_498_> Atoms,selected atoms,random_seed,amplitude:      600      600        1        4.0000
randomi_496_> Amplitude is > 0; randomization is done.
<Model containing 1 chain, 73 residues, and 600 atoms> APHsh 9999 1 .pdb
pick_re_612_> Number of MODEL atoms, selected restraints;      600     3669
pick_re_612_> Number of MODEL atoms, selected restraints;      600     4670
pick_re_612_> Number of MODEL atoms, selected restraints;      600     5242
pick_re_612_> Number of MODEL atoms, selected restraints;      600     5855
pick_re_612_> Number of MODEL atoms, selected restraints;      600     6016

Dynamically allocated memory at  amaxrestraints [B,KiB,MiB]:      1836909    1793.856     1.752
pick_re_612_> Number of MODEL atoms, selected restraints;      600     6187
pick_re_612_> Number of MODEL atoms, selected restraints;      600     6505
pick_re_612_> Number of MODEL atoms, selected restraints;      600     6830
iupac_m_486_> OE1/2 will be swapped:     -155.0833       14    14
iupac_m_487_> NH1/2 swapped:     -175.4498       26    26
iupac_m_486_> OE1/2 will be swapped:      173.4240       40    40
iupac_m_486_> OE1/2 will be swapped:      135.3022       45    45


>> ENERGY; Differences between the model's features and restraints:
Number of all residues in MODEL                   :       73
Number of all, selected real atoms                :      600     600
Number of all, selected pseudo atoms              :        0       0
Number of all static, selected restraints         :     6830    6830
COVALENT_CYS                                      :        F
NONBONDED_SEL_ATOMS                               :        1
Number of non-bonded pairs (excluding 1-2,1-3,1-4):     1320
Dynamic pairs routine                             : 2, NATM x NATM cell sorting
Atomic shift for contacts update (UPDATE_DYNAMIC) :    0.390
LENNARD_JONES_SWITCH                              :    6.500   7.500
COULOMB_JONES_SWITCH                              :    6.500   7.500
RESIDUE_SPAN_RANGE                                :        0   99999
NLOGN_USE                                         :       15
CONTACT_SHELL                                     :    4.000
DYNAMIC_PAIRS,_SPHERE,_COULOMB,_LENNARD,_MODELLER :        T       T       F       F       F
SPHERE_STDV                                       :    0.050
RADII_FACTOR                                      :    0.820
Current energy                                    :         252.3610





Summary of the restraint violations: 

   NUM     ... number of restraints.
   NUMVI   ... number of restraints with RVIOL > VIOL_REPORT_CUT[i].
   RVIOL   ... relative difference from the best value.
   NUMVP   ... number of restraints with -Ln(pdf) > VIOL_REPORT_CUT2[i].
   RMS_1   ... RMS(feature, minimally_violated_basis_restraint, NUMB).
   RMS_2   ... RMS(feature, best_value, NUMB).
   MOL.PDF ... scaled contribution to -Ln(Molecular pdf).

 #                     RESTRAINT_GROUP      NUM   NUMVI  NUMVP   RMS_1   RMS_2         MOL.PDF     S_i
------------------------------------------------------------------------------------------------------
 1 Bond length potential              :     603       0      0   0.007   0.007      8.1561       1.000
 2 Bond angle potential               :     802       0      1   1.714   1.714      46.049       1.000
 3 Stereochemical cosine torsion poten:     299       0      0  43.009  43.009      94.934       1.000
 4 Stereochemical improper torsion pot:     218       0      0   1.297   1.297      7.3542       1.000
 5 Soft-sphere overlap restraints     :    1320       0      0   0.003   0.003      1.6905       1.000
 6 Lennard-Jones 6-12 potential       :       0       0      0   0.000   0.000      0.0000       1.000
 7 Coulomb point-point electrostatic p:       0       0      0   0.000   0.000      0.0000       1.000
 8 H-bonding potential                :      60       0      0   0.082   0.082      9.9438       1.000
 9 Distance restraints 1 (CA-CA)      :     805       0      0   0.161   0.161      12.282       1.000
10 Distance restraints 2 (N-O)        :    1006       0      0   0.183   0.183      20.499       1.000
11 Mainchain Phi dihedral restraints  :       0       0      0   0.000   0.000      0.0000       1.000
12 Mainchain Psi dihedral restraints  :       0       0      0   0.000   0.000      0.0000       1.000
13 Mainchain Omega dihedral restraints:      72       0      1   3.163   3.163      7.7222       1.000
14 Sidechain Chi_1 dihedral restraints:      60       0      1  62.742  62.742      14.844       1.000
15 Sidechain Chi_2 dihedral restraints:      60       0      0  76.854  76.854      20.368       1.000
16 Sidechain Chi_3 dihedral restraints:      41       0      1  66.351  66.351      37.121       1.000
17 Sidechain Chi_4 dihedral restraints:      13       0      0  98.813  98.813      8.9141       1.000
18 Disulfide distance restraints      :       0       0      0   0.000   0.000      0.0000       1.000
19 Disulfide angle restraints         :       0       0      0   0.000   0.000      0.0000       1.000
20 Disulfide dihedral angle restraints:       0       0      0   0.000   0.000      0.0000       1.000
21 Lower bound distance restraints    :       0       0      0   0.000   0.000      0.0000       1.000
22 Upper bound distance restraints    :       0       0      0   0.000   0.000      0.0000       1.000
23 Distance restraints 3 (SDCH-MNCH)  :     980       0      0   0.386   0.386      15.445       1.000
24 Sidechain Chi_5 dihedral restraints:       0       0      0   0.000   0.000      0.0000       1.000
25 Phi/Psi pair of dihedral restraints:     137       5      4  12.757  31.725     -174.60       1.000
26 Distance restraints 4 (SDCH-SDCH)  :     462       0      0   1.010   1.010      37.165       1.000
27 Distance restraints 5 (X-Y)        :    1212       0      1   0.081   0.081      84.475       1.000
28 NMR distance restraints 6 (X-Y)    :       0       0      0   0.000   0.000      0.0000       1.000
29 NMR distance restraints 7 (X-Y)    :       0       0      0   0.000   0.000      0.0000       1.000
30 Minimal distance restraints        :       0       0      0   0.000   0.000      0.0000       1.000
31 Non-bonded restraints              :       0       0      0   0.000   0.000      0.0000       1.000
32 Atomic accessibility restraints    :       0       0      0   0.000   0.000      0.0000       1.000
33 Atomic density restraints          :       0       0      0   0.000   0.000      0.0000       1.000
34 Absolute position restraints       :       0       0      0   0.000   0.000      0.0000       1.000
35 Dihedral angle difference restraint:       0       0      0   0.000   0.000      0.0000       1.000
36 GBSA implicit solvent potential    :       0       0      0   0.000   0.000      0.0000       1.000
37 EM density fitting potential       :       0       0      0   0.000   0.000      0.0000       1.000
38 SAXS restraints                    :       0       0      0   0.000   0.000      0.0000       1.000
39 Symmetry restraints                :       0       0      0   0.000   0.000      0.0000       1.000



openf___224_> Open           APHsh.V99990001
# Heavy relative violation of each residue is written to: APHsh.V99990001
# The profile is NOT normalized by the number of restraints.
# The profiles are smoothed over a window of residues:    1
# The sum of all numbers in the file:    7317.3809



List of the violated restraints:
   A restraint is violated when the relative difference
   from the best value (RVIOL) is larger than CUTOFF.

   ICSR   ... index of a restraint in the current set.
   RESNO  ... residue numbers of the first two atoms.
   ATM    ... IUPAC atom names of the first two atoms.
   FEAT   ... the value of the feature in the model.
   restr  ... the mean of the basis restraint with the smallest
              difference from the model (local minimum).
   viol   ... difference from the local minimum.
   rviol  ... relative difference from the local minimum.
   RESTR  ... the best value (global minimum).
   VIOL   ... difference from the best value.
   RVIOL  ... relative difference from the best value.


-------------------------------------------------------------------------------------------------

Feature 25                           : Phi/Psi pair of dihedral restraints     
List of the RVIOL violations larger than   :       6.5000

    #   ICSR  RESNO1/2 ATM1/2   INDATM1/2    FEAT   restr    viol   rviol   RESTR    VIOL   RVIOL
    1   1956  34K  35G C   N     284  286   40.81   78.70   73.30    1.13   82.20  119.27    7.74
    1         35G  35G N   CA    286  287 -103.35 -166.10                    8.50
    2   1957  35G  36K C   N     288  290 -121.96 -118.00    4.27    0.14  -62.90 -171.97   27.94
    2         36K  36K N   CA    290  291  140.69  139.10                  -40.80
    3   1958  36K  37G C   N     297  299   99.81   78.70   43.33    0.65   82.20  148.60    8.09
    3         37G  37G N   CA    299  300  156.06 -166.10                    8.50
    4   1959  37G  38D C   N     301  303 -136.76  -70.90   70.15    4.30  -63.30  163.04   24.86
    4         38D  38D N   CA    303  304  174.45  150.30                  -40.00
    5   1961  39G  40E C   N     313  315  -64.97  -63.60   23.91    3.11   54.60  133.26   17.45
    5         40E  40E N   CA    315  316  -16.43  -40.30                   42.40


report______> Distribution of short non-bonded contacts:


DISTANCE1:  0.00 2.10 2.20 2.30 2.40 2.50 2.60 2.70 2.80 2.90 3.00 3.10 3.20 3.30 3.40
DISTANCE2:  2.10 2.20 2.30 2.40 2.50 2.60 2.70 2.80 2.90 3.00 3.10 3.20 3.30 3.40 3.50
FREQUENCY:     0    0    0    0    0    1    2   18   12   92   88   36  149   84  124


<< end of ENERGY.
openf___224_> Open           ${LIB}/atmcls-mf.lib

Dynamically allocated memory at amaxgroup_restr [B,KiB,MiB]:      1837317    1794.255     1.752

Dynamically allocated memory at amaxgroup_restr [B,KiB,MiB]:      1837381    1794.317     1.752

Dynamically allocated memory at amaxgroup_restr [B,KiB,MiB]:      1837439    1794.374     1.752

Dynamically allocated memory at amaxgroup_restr [B,KiB,MiB]:      1837503    1794.437     1.752

Dynamically allocated memory at amaxgroup_restr [B,KiB,MiB]:      1837569    1794.501     1.752

Dynamically allocated memory at amaxgroup_restr [B,KiB,MiB]:      1837633    1794.563     1.753

Dynamically allocated memory at amaxgroup_restr [B,KiB,MiB]:      1837789    1794.716     1.753

Dynamically allocated memory at amaxgroup_restr [B,KiB,MiB]:      1837917    1794.841     1.753

Dynamically allocated memory at amaxgroup_restr [B,KiB,MiB]:      1838211    1795.128     1.753

Dynamically allocated memory at amaxgroup_restr [B,KiB,MiB]:      1838403    1795.315     1.753

Dynamically allocated memory at amaxgroup_restr [B,KiB,MiB]:      1838907    1795.808     1.754

Dynamically allocated memory at amaxgroup_restr [B,KiB,MiB]:      1839163    1796.058     1.754

Dynamically allocated memory at amaxgroup_restr [B,KiB,MiB]:      1840159    1797.030     1.755

Dynamically allocated memory at amaxgroup_restr [B,KiB,MiB]:      1840543    1797.405     1.755

Dynamically allocated memory at amaxgroup_restr [B,KiB,MiB]:      1841119    1797.968     1.756

Dynamically allocated memory at amaxgroup_restr [B,KiB,MiB]:      1843153    1799.954     1.758

Dynamically allocated memory at amaxgroup_restr [B,KiB,MiB]:      1844049    1800.829     1.759

Dynamically allocated memory at amaxgroup_restr [B,KiB,MiB]:      1848501    1805.177     1.763

Dynamically allocated memory at amaxgroup_restr [B,KiB,MiB]:      1849845    1806.489     1.764

Dynamically allocated memory at amaxgroup_restr [B,KiB,MiB]:      1859463    1815.882     1.773

Dynamically allocated memory at amaxgroup_restr [B,KiB,MiB]:      1861447    1817.819     1.775

Dynamically allocated memory at amaxgroup_restr [B,KiB,MiB]:      1882093    1837.981     1.795

Dynamically allocated memory at amaxgroup_restr [B,KiB,MiB]:      1885101    1840.919     1.798

Dynamically allocated memory at amaxgroup_restr [B,KiB,MiB]:      1931067    1885.808     1.842

Dynamically allocated memory at amaxgroup_restr [B,KiB,MiB]:      1935547    1890.183     1.846

Dynamically allocated memory at amaxgroup_restr [B,KiB,MiB]:      2036767    1989.030     1.942
openf___224_> Open           ${LIB}/dist-mf.lib

Dynamically allocated memory at amaxgroup_restr [B,KiB,MiB]:      2037163    1989.417     1.943

Dynamically allocated memory at amaxgroup_restr [B,KiB,MiB]:      2037959    1990.194     1.944

Dynamically allocated memory at amaxgroup_restr [B,KiB,MiB]:      2038755    1990.972     1.944

Dynamically allocated memory at amaxgroup_restr [B,KiB,MiB]:      2039943    1992.132     1.945

Dynamically allocated memory at amaxgroup_restr [B,KiB,MiB]:      2040343    1992.522     1.946

Dynamically allocated memory at amaxgroup_restr [B,KiB,MiB]:      2040943    1993.108     1.946

Dynamically allocated memory at amaxgroup_restr [B,KiB,MiB]:      2041843    1993.987     1.947

Dynamically allocated memory at amaxgroup_restr [B,KiB,MiB]:      2043191    1995.304     1.949

Dynamically allocated memory at amaxgroup_restr [B,KiB,MiB]:      2043391    1995.499     1.949

Dynamically allocated memory at amaxgroup_restr [B,KiB,MiB]:      2045415    1997.476     1.951

Dynamically allocated memory at amaxgroup_restr [B,KiB,MiB]:      2045715    1997.769     1.951

Dynamically allocated memory at amaxgroup_restr [B,KiB,MiB]:      2048751    2000.733     1.954

Dynamically allocated memory at amaxgroup_restr [B,KiB,MiB]:      2049199    2001.171     1.954

Dynamically allocated memory at amaxgroup_restr [B,KiB,MiB]:      2053751    2005.616     1.959

Dynamically allocated memory at amaxgroup_restr [B,KiB,MiB]:      2054423    2006.272     1.959

Dynamically allocated memory at amaxgroup_restr [B,KiB,MiB]:      2061251    2012.940     1.966

Dynamically allocated memory at amaxgroup_restr [B,KiB,MiB]:      2062259    2013.925     1.967

Dynamically allocated memory at amaxgroup_restr [B,KiB,MiB]:      2072503    2023.929     1.976

Dynamically allocated memory at amaxgroup_restr [B,KiB,MiB]:      2073103    2024.515     1.977

Dynamically allocated memory at amaxgroup_restr [B,KiB,MiB]:      2073503    2024.905     1.977

Dynamically allocated memory at amaxgroup_restr [B,KiB,MiB]:      2075015    2026.382     1.979

Dynamically allocated memory at amaxgroup_restr [B,KiB,MiB]:      2090379    2041.386     1.994

Dynamically allocated memory at amaxgroup_restr [B,KiB,MiB]:      2091279    2042.265     1.994

Dynamically allocated memory at amaxgroup_restr [B,KiB,MiB]:      2091879    2042.851     1.995

Dynamically allocated memory at amaxgroup_restr [B,KiB,MiB]:      2094147    2045.065     1.997

Dynamically allocated memory at amaxgroup_restr [B,KiB,MiB]:      2117195    2067.573     2.019

Dynamically allocated memory at amaxgroup_restr [B,KiB,MiB]:      2118539    2068.886     2.020

Dynamically allocated memory at amaxgroup_restr [B,KiB,MiB]:      2119439    2069.765     2.021

Dynamically allocated memory at amaxgroup_restr [B,KiB,MiB]:      2122843    2073.089     2.025

Dynamically allocated memory at amaxgroup_restr [B,KiB,MiB]:      2157415    2106.851     2.057

Dynamically allocated memory at amaxgroup_restr [B,KiB,MiB]:      2159431    2108.819     2.059

Dynamically allocated memory at amaxgroup_restr [B,KiB,MiB]:      2160779    2110.136     2.061

Dynamically allocated memory at amaxgroup_restr [B,KiB,MiB]:      2165883    2115.120     2.066

Dynamically allocated memory at amaxgroup_restr [B,KiB,MiB]:      2217739    2165.761     2.115

Dynamically allocated memory at amaxgroup_restr [B,KiB,MiB]:      2220763    2168.714     2.118

Dynamically allocated memory at amaxgroup_restr [B,KiB,MiB]:      2222787    2170.690     2.120

Dynamically allocated memory at amaxgroup_restr [B,KiB,MiB]:      2230443    2178.167     2.127

Dynamically allocated memory at amaxgroup_restr [B,KiB,MiB]:      2308227    2254.128     2.201

Dynamically allocated memory at amaxgroup_restr [B,KiB,MiB]:      2312763    2258.558     2.206

Dynamically allocated memory at amaxgroup_restr [B,KiB,MiB]:      2315799    2261.522     2.209

Dynamically allocated memory at amaxgroup_restr [B,KiB,MiB]:      2327283    2272.737     2.219

Dynamically allocated memory at amaxgroup_restr [B,KiB,MiB]:      2443959    2386.679     2.331

Dynamically allocated memory at amaxgroup_restr [B,KiB,MiB]:      2450763    2393.323     2.337

Dynamically allocated memory at amaxgroup_restr [B,KiB,MiB]:      2455315    2397.769     2.342

Dynamically allocated memory at amaxgroup_restr [B,KiB,MiB]:      2472543    2414.593     2.358

Dynamically allocated memory at amaxgroup_restr [B,KiB,MiB]:      2647559    2585.507     2.525

Dynamically allocated memory at amaxgroup_restr [B,KiB,MiB]:      2657771    2595.479     2.535

Dynamically allocated memory at amaxgroup_restr [B,KiB,MiB]:      2664599    2602.147     2.541

Dynamically allocated memory at amaxgroup_restr [B,KiB,MiB]:      2690439    2627.382     2.566

Dynamically allocated memory at amaxgroup_restr [B,KiB,MiB]:      2952963    2883.753     2.816

Dynamically allocated memory at amaxgroup_restr [B,KiB,MiB]:      2968275    2898.706     2.831

Dynamically allocated memory at amaxgroup_restr [B,KiB,MiB]:      2978519    2908.710     2.841

Dynamically allocated memory at amaxgroup_restr [B,KiB,MiB]:      3017279    2946.562     2.878

Dynamically allocated memory at amaxgroup_restr [B,KiB,MiB]:      3411063    3331.116     3.253

Dynamically allocated memory at amaxgroup_restr [B,KiB,MiB]:      3434031    3353.546     3.275

Dynamically allocated memory at amaxgroup_restr [B,KiB,MiB]:      3449395    3368.550     3.290

Dynamically allocated memory at amaxgroup_restr [B,KiB,MiB]:      3507535    3425.327     3.345

Dynamically allocated memory at amaxgroup_restr [B,KiB,MiB]:      4098211    4002.159     3.908

Dynamically allocated memory at amaxgroup_restr [B,KiB,MiB]:      4132663    4035.804     3.941

Dynamically allocated memory at amaxgroup_restr [B,KiB,MiB]:      4155711    4058.312     3.963

Dynamically allocated memory at amaxgroup_restr [B,KiB,MiB]:      4242923    4143.479     4.046

Dynamically allocated memory at amaxgroup_restr [B,KiB,MiB]:      5128939    5008.729     4.891

Dynamically allocated memory at amaxgroup_restr [B,KiB,MiB]:      5180623    5059.202     4.941

Dynamically allocated memory at amaxgroup_restr [B,KiB,MiB]:      5215195    5092.964     4.974

Dynamically allocated memory at amaxgroup_restr [B,KiB,MiB]:      5346011    5220.714     5.098

Dynamically allocated memory at amaxgroup_restr [B,KiB,MiB]:      6675035    6518.589     6.366
read_pa_232_> parameters    BONDS   ANGLS  DIHEDS IMPROPS    MODE
                                0       0       0       0   12561
>> Model assessment by DOPE potential
iatmcls_286W> MODEL atom not classified:  LYS:OXT  LYS

Dynamically allocated memory at  amaxrestraints [B,KiB,MiB]:      6982203    6818.558     6.659

Dynamically allocated memory at  amaxrestraints [B,KiB,MiB]:      7011003    6846.683     6.686

Dynamically allocated memory at  amaxrestraints [B,KiB,MiB]:      7068603    6902.933     6.741

Dynamically allocated memory at  amaxrestraints [B,KiB,MiB]:      7183803    7015.433     6.851

Dynamically allocated memory at  amaxrestraints [B,KiB,MiB]:      7414203    7240.433     7.071

Dynamically allocated memory at  amaxrestraints [B,KiB,MiB]:      7875003    7690.433     7.510


>> ENERGY; Differences between the model's features and restraints:
Number of all residues in MODEL                   :       73
Number of all, selected real atoms                :      600     600
Number of all, selected pseudo atoms              :        0       0
Number of all static, selected restraints         :     6830    6830
COVALENT_CYS                                      :        F
NONBONDED_SEL_ATOMS                               :        1
Number of non-bonded pairs (excluding 1-2,1-3,1-4):    65838
Dynamic pairs routine                             : 1, NATM x NATM double loop
Atomic shift for contacts update (UPDATE_DYNAMIC) :    0.390
LENNARD_JONES_SWITCH                              :    6.500   7.500
COULOMB_JONES_SWITCH                              :    6.500   7.500
RESIDUE_SPAN_RANGE                                :        1    9999
NLOGN_USE                                         :       15
CONTACT_SHELL                                     :   15.000
DYNAMIC_PAIRS,_SPHERE,_COULOMB,_LENNARD,_MODELLER :        T       F       F       F       T
SPHERE_STDV                                       :    0.050
RADII_FACTOR                                      :    0.820
Current energy                                    :       -7225.6909




<< end of ENERGY.
DOPE score               : -7225.690918
>> Model assessment by GA341 potential

Surface library          : c:\bin\Modeller/modlib/surf5.de
Pair library             : c:\bin\Modeller/modlib/pair9.de
Chain identifier         : _
% sequence identity      :   100.000000
Sequence length          :           73
Compactness              :     0.079530
Native energy (pair)     :  -394.419836
Native energy (surface)  :    -8.753654
Native energy (combined) :   -35.649590
Z score (pair)           :    -5.315971
Z score (surface)        :    -5.483849
Z score (combined)       :    -7.481463
GA341 score              :     1.000000

>> Model assessment by DOPE potential
iatmcls_286W> MODEL atom not classified:  LYS:OXT  LYS


>> ENERGY; Differences between the model's features and restraints:
Number of all residues in MODEL                   :       73
Number of all, selected real atoms                :      600     600
Number of all, selected pseudo atoms              :        0       0
Number of all static, selected restraints         :     6830    6830
COVALENT_CYS                                      :        F
NONBONDED_SEL_ATOMS                               :        1
Number of non-bonded pairs (excluding 1-2,1-3,1-4):    65838
Dynamic pairs routine                             : 1, NATM x NATM double loop
Atomic shift for contacts update (UPDATE_DYNAMIC) :    0.390
LENNARD_JONES_SWITCH                              :    6.500   7.500
COULOMB_JONES_SWITCH                              :    6.500   7.500
RESIDUE_SPAN_RANGE                                :        1    9999
NLOGN_USE                                         :       15
CONTACT_SHELL                                     :   15.000
DYNAMIC_PAIRS,_SPHERE,_COULOMB,_LENNARD,_MODELLER :        T       F       F       F       T
SPHERE_STDV                                       :    0.050
RADII_FACTOR                                      :    0.820
Current energy                                    :       -7225.6909




<< end of ENERGY.
DOPE score               : -7225.690918
>> Normalized DOPE z score: -2.100
openf___224_> Open           03-homology-model-01.pdb
wrpdb___568_> Residues, atoms, selected atoms:       73      600      600

>> Summary of successfully produced models:
Filename                          molpdf     DOPE score    GA341 score Normalized DOPE score
--------------------------------------------------------------------------------------------
03-homology-model-01.pdb       252.36099    -7225.69092        1.00000       -2.09999

